{'tag': 'exp-fulldata-16-N', 'task_name': 'mrpc/f1', 'training_params': ['prompt,bias,adapter']}
total experiments: 12

Use Validation result!
{'seed': 'data/original/MRPC-13', 'learning_rate': 0.01, 'dev_result': 0.8122270742358079, 'test_result': 0.8122270742358079}
Use Validation result!
{'seed': 'data/original/MRPC-21', 'learning_rate': 0.01, 'dev_result': 0.8122270742358079, 'test_result': 0.8122270742358079}
Use Validation result!
{'seed': 'data/original/MRPC-42', 'learning_rate': 0.01, 'dev_result': 0.8122270742358079, 'test_result': 0.8122270742358079}
Statistics for learning rate = 0.01: mean: 0.8122270742358079, std: 0.0
Use Validation result!
{'seed': 'data/original/MRPC-13', 'learning_rate': 0.001, 'dev_result': 0.8122270742358079, 'test_result': 0.8122270742358079}
Use Validation result!
{'seed': 'data/original/MRPC-21', 'learning_rate': 0.001, 'dev_result': 0.8122270742358079, 'test_result': 0.8122270742358079}
Use Validation result!
{'seed': 'data/original/MRPC-42', 'learning_rate': 0.001, 'dev_result': 0.8122270742358079, 'test_result': 0.8122270742358079}
Statistics for learning rate = 0.001: mean: 0.8122270742358079, std: 0.0
Use Validation result!
{'seed': 'data/original/MRPC-13', 'learning_rate': 0.0001, 'dev_result': 0.9309734513274337, 'test_result': 0.9309734513274337}
Use Validation result!
{'seed': 'data/original/MRPC-21', 'learning_rate': 0.0001, 'dev_result': 0.924693520140105, 'test_result': 0.924693520140105}
Use Validation result!
{'seed': 'data/original/MRPC-42', 'learning_rate': 0.0001, 'dev_result': 0.93006993006993, 'test_result': 0.93006993006993}
Statistics for learning rate = 0.0001: mean: 0.9285789671791562, std: 0.0027720764402212237
Use Validation result!
{'seed': 'data/original/MRPC-13', 'learning_rate': 1e-05, 'dev_result': 0.8827586206896552, 'test_result': 0.8827586206896552}
Use Validation result!
{'seed': 'data/original/MRPC-21', 'learning_rate': 1e-05, 'dev_result': 0.8873239436619718, 'test_result': 0.8873239436619718}
Use Validation result!
{'seed': 'data/original/MRPC-42', 'learning_rate': 1e-05, 'dev_result': 0.8808290155440415, 'test_result': 0.8808290155440415}
Statistics for learning rate = 1e-05: mean: 0.8836371932985561, std: 0.0027233484519495065
{'best_lr': 0.0001, 'mean': 0.9285789671791562, 'std': 0.0027720764402212237}
