{'tag': 'exp-fulldata-16-N', 'task_name': 'mrpc/f1', 'training_params': ['bias']}
total experiments: 12

Use Validation result!
{'seed': 'data/original/MRPC-13', 'learning_rate': 0.01, 'dev_result': 0.8122270742358079, 'test_result': 0.8122270742358079}
Use Validation result!
{'seed': 'data/original/MRPC-21', 'learning_rate': 0.01, 'dev_result': 0.8122270742358079, 'test_result': 0.8122270742358079}
Use Validation result!
{'seed': 'data/original/MRPC-42', 'learning_rate': 0.01, 'dev_result': 0.8122270742358079, 'test_result': 0.8122270742358079}
Statistics for learning rate = 0.01: mean: 0.8122270742358079, std: 0.0
Use Validation result!
{'seed': 'data/original/MRPC-13', 'learning_rate': 0.001, 'dev_result': 0.9175627240143369, 'test_result': 0.9175627240143369}
Use Validation result!
{'seed': 'data/original/MRPC-21', 'learning_rate': 0.001, 'dev_result': 0.9244288224956063, 'test_result': 0.9244288224956063}
Use Validation result!
{'seed': 'data/original/MRPC-42', 'learning_rate': 0.001, 'dev_result': 0.9151291512915128, 'test_result': 0.9151291512915128}
Statistics for learning rate = 0.001: mean: 0.9190402326004854, std: 0.003937701939174516
Use Validation result!
{'seed': 'data/original/MRPC-13', 'learning_rate': 0.0001, 'dev_result': 0.896797153024911, 'test_result': 0.896797153024911}
Use Validation result!
{'seed': 'data/original/MRPC-21', 'learning_rate': 0.0001, 'dev_result': 0.9012131715771231, 'test_result': 0.9012131715771231}
Use Validation result!
{'seed': 'data/original/MRPC-42', 'learning_rate': 0.0001, 'dev_result': 0.9132743362831858, 'test_result': 0.9132743362831858}
Statistics for learning rate = 0.0001: mean: 0.9037615536284066, std: 0.006963958660664703
Use Validation result!
{'seed': 'data/original/MRPC-13', 'learning_rate': 1e-05, 'dev_result': 0.8614357262103506, 'test_result': 0.8614357262103506}
Use Validation result!
{'seed': 'data/original/MRPC-21', 'learning_rate': 1e-05, 'dev_result': 0.8628762541806019, 'test_result': 0.8628762541806019}
Use Validation result!
{'seed': 'data/original/MRPC-42', 'learning_rate': 1e-05, 'dev_result': 0.8590381426202321, 'test_result': 0.8590381426202321}
Statistics for learning rate = 1e-05: mean: 0.8611167076703948, std: 0.001583057107642792
{'best_lr': 0.001, 'mean': 0.9190402326004854, 'std': 0.003937701939174516}
