{'tag': 'exp-fulldata-16-Y', 'task_name': 'mrpc/f1', 'training_params': ['bias']}
total experiments: 12

Use Validation result!
{'seed': 'data/original/MRPC-13', 'learning_rate': 0.01, 'dev_result': 0.8122270742358079, 'test_result': 0.8122270742358079}
Use Validation result!
{'seed': 'data/original/MRPC-21', 'learning_rate': 0.01, 'dev_result': 0.8122270742358079, 'test_result': 0.8122270742358079}
Use Validation result!
{'seed': 'data/original/MRPC-42', 'learning_rate': 0.01, 'dev_result': 0.8122270742358079, 'test_result': 0.8122270742358079}
Statistics for learning rate = 0.01: mean: 0.8122270742358079, std: 0.0
Use Validation result!
{'seed': 'data/original/MRPC-13', 'learning_rate': 0.001, 'dev_result': 0.9265734265734265, 'test_result': 0.9265734265734265}
Use Validation result!
{'seed': 'data/original/MRPC-21', 'learning_rate': 0.001, 'dev_result': 0.9197860962566845, 'test_result': 0.9197860962566845}
Use Validation result!
{'seed': 'data/original/MRPC-42', 'learning_rate': 0.001, 'dev_result': 0.9352014010507881, 'test_result': 0.9352014010507881}
Statistics for learning rate = 0.001: mean: 0.9271869746269662, std: 0.006308208218095962
Use Validation result!
{'seed': 'data/original/MRPC-13', 'learning_rate': 0.0001, 'dev_result': 0.9059233449477352, 'test_result': 0.9059233449477352}
Use Validation result!
{'seed': 'data/original/MRPC-21', 'learning_rate': 0.0001, 'dev_result': 0.8972602739726027, 'test_result': 0.8972602739726027}
Use Validation result!
{'seed': 'data/original/MRPC-42', 'learning_rate': 0.0001, 'dev_result': 0.9075043630017452, 'test_result': 0.9075043630017452}
Statistics for learning rate = 0.0001: mean: 0.9035626606406945, std: 0.004502959234946227
Use Validation result!
{'seed': 'data/original/MRPC-13', 'learning_rate': 1e-05, 'dev_result': 0.8486842105263158, 'test_result': 0.8486842105263158}
Use Validation result!
{'seed': 'data/original/MRPC-21', 'learning_rate': 1e-05, 'dev_result': 0.8472906403940887, 'test_result': 0.8472906403940887}
Use Validation result!
{'seed': 'data/original/MRPC-42', 'learning_rate': 1e-05, 'dev_result': 0.8491803278688526, 'test_result': 0.8491803278688526}
Statistics for learning rate = 1e-05: mean: 0.848385059596419, std: 0.00079993672550329
{'best_lr': 0.001, 'mean': 0.9271869746269662, 'std': 0.006308208218095962}
