{'tag': 'exp-fulldata-16-N', 'task_name': 'mrpc/f1', 'training_params': ['bias,adapter']}
total experiments: 12

Use Validation result!
{'seed': 'data/original/MRPC-13', 'learning_rate': 0.01, 'dev_result': 0.8122270742358079, 'test_result': 0.8122270742358079}
Use Validation result!
{'seed': 'data/original/MRPC-21', 'learning_rate': 0.01, 'dev_result': 0.8122270742358079, 'test_result': 0.8122270742358079}
Use Validation result!
{'seed': 'data/original/MRPC-42', 'learning_rate': 0.01, 'dev_result': 0.8122270742358079, 'test_result': 0.8122270742358079}
Statistics for learning rate = 0.01: mean: 0.8122270742358079, std: 0.0
Use Validation result!
{'seed': 'data/original/MRPC-13', 'learning_rate': 0.001, 'dev_result': 0.8122270742358079, 'test_result': 0.8122270742358079}
Use Validation result!
{'seed': 'data/original/MRPC-21', 'learning_rate': 0.001, 'dev_result': 0.8122270742358079, 'test_result': 0.8122270742358079}
Use Validation result!
{'seed': 'data/original/MRPC-42', 'learning_rate': 0.001, 'dev_result': 0.8122270742358079, 'test_result': 0.8122270742358079}
Statistics for learning rate = 0.001: mean: 0.8122270742358079, std: 0.0
Use Validation result!
{'seed': 'data/original/MRPC-13', 'learning_rate': 0.0001, 'dev_result': 0.9323843416370107, 'test_result': 0.9323843416370107}
Use Validation result!
{'seed': 'data/original/MRPC-21', 'learning_rate': 0.0001, 'dev_result': 0.9321428571428573, 'test_result': 0.9321428571428573}
Use Validation result!
{'seed': 'data/original/MRPC-42', 'learning_rate': 0.0001, 'dev_result': 0.9241622574955909, 'test_result': 0.9241622574955909}
Statistics for learning rate = 0.0001: mean: 0.9295631520918196, std: 0.0038202814486115715
Use Validation result!
{'seed': 'data/original/MRPC-13', 'learning_rate': 1e-05, 'dev_result': 0.8991150442477877, 'test_result': 0.8991150442477877}
Use Validation result!
{'seed': 'data/original/MRPC-21', 'learning_rate': 1e-05, 'dev_result': 0.900709219858156, 'test_result': 0.900709219858156}
Use Validation result!
{'seed': 'data/original/MRPC-42', 'learning_rate': 1e-05, 'dev_result': 0.9052631578947367, 'test_result': 0.9052631578947367}
Statistics for learning rate = 1e-05: mean: 0.9016958073335601, std: 0.0026051028756293336
{'best_lr': 0.0001, 'mean': 0.9295631520918196, 'std': 0.0038202814486115715}
