{'tag': 'exp-fulldata-16-Y', 'task_name': 'qnli', 'training_params': ['bias']}
total experiments: 12

Use Validation result!
{'seed': 'data/original/QNLI-13', 'learning_rate': 0.01, 'dev_result': 0.5053999633900788, 'test_result': 0.5053999633900788}
Use Validation result!
{'seed': 'data/original/QNLI-21', 'learning_rate': 0.01, 'dev_result': 0.5053999633900788, 'test_result': 0.5053999633900788}
Use Validation result!
{'seed': 'data/original/QNLI-42', 'learning_rate': 0.01, 'dev_result': 0.5053999633900788, 'test_result': 0.5053999633900788}
Statistics for learning rate = 0.01: mean: 0.5053999633900788, std: 0.0
Use Validation result!
{'seed': 'data/original/QNLI-13', 'learning_rate': 0.001, 'dev_result': 0.9302580999450851, 'test_result': 0.9302580999450851}
Use Validation result!
{'seed': 'data/original/QNLI-21', 'learning_rate': 0.001, 'dev_result': 0.9341021416803954, 'test_result': 0.9341021416803954}
Use Validation result!
{'seed': 'data/original/QNLI-42', 'learning_rate': 0.001, 'dev_result': 0.9298920007321985, 'test_result': 0.9298920007321985}
Statistics for learning rate = 0.001: mean: 0.9314174141192263, std: 0.0019042634125727256
Use Validation result!
{'seed': 'data/original/QNLI-13', 'learning_rate': 0.0001, 'dev_result': 0.9121361889071938, 'test_result': 0.9121361889071938}
Use Validation result!
{'seed': 'data/original/QNLI-21', 'learning_rate': 0.0001, 'dev_result': 0.9123192385136372, 'test_result': 0.9123192385136372}
Use Validation result!
{'seed': 'data/original/QNLI-42', 'learning_rate': 0.0001, 'dev_result': 0.9119531393007505, 'test_result': 0.9119531393007505}
Statistics for learning rate = 0.0001: mean: 0.9121361889071938, std: 0.00014945937780114536
Use Validation result!
{'seed': 'data/original/QNLI-13', 'learning_rate': 1e-05, 'dev_result': 0.8390993959362988, 'test_result': 0.8390993959362988}
Use Validation result!
{'seed': 'data/original/QNLI-21', 'learning_rate': 1e-05, 'dev_result': 0.8390993959362988, 'test_result': 0.8390993959362988}
Use Validation result!
{'seed': 'data/original/QNLI-42', 'learning_rate': 1e-05, 'dev_result': 0.8369028006589786, 'test_result': 0.8369028006589786}
Statistics for learning rate = 1e-05: mean: 0.8383671975105255, std: 0.0010354849440769676
{'best_lr': 0.001, 'mean': 0.9314174141192263, 'std': 0.0019042634125727256}
