{'tag': 'exp-fulldata-16-Y', 'task_name': 'qnli', 'training_params': ['prompt,bias,adapter']}
total experiments: 12

Use Validation result!
{'seed': 'data/original/QNLI-13', 'learning_rate': 0.01, 'dev_result': 0.5053999633900788, 'test_result': 0.5053999633900788}
Use Validation result!
{'seed': 'data/original/QNLI-21', 'learning_rate': 0.01, 'dev_result': 0.5053999633900788, 'test_result': 0.5053999633900788}
Use Validation result!
{'seed': 'data/original/QNLI-42', 'learning_rate': 0.01, 'dev_result': 0.5053999633900788, 'test_result': 0.5053999633900788}
Statistics for learning rate = 0.01: mean: 0.5053999633900788, std: 0.0
Use Validation result!
{'seed': 'data/original/QNLI-13', 'learning_rate': 0.001, 'dev_result': 0.5053999633900788, 'test_result': 0.5053999633900788}
Use Validation result!
{'seed': 'data/original/QNLI-21', 'learning_rate': 0.001, 'dev_result': 0.8760754164378547, 'test_result': 0.8760754164378547}
Use Validation result!
{'seed': 'data/original/QNLI-42', 'learning_rate': 0.001, 'dev_result': 0.5053999633900788, 'test_result': 0.5053999633900788}
Statistics for learning rate = 0.001: mean: 0.6289584477393374, std: 0.17473808431298538
Use Validation result!
{'seed': 'data/original/QNLI-13', 'learning_rate': 0.0001, 'dev_result': 0.938129233022149, 'test_result': 0.938129233022149}
Use Validation result!
{'seed': 'data/original/QNLI-21', 'learning_rate': 0.0001, 'dev_result': 0.9370309353834889, 'test_result': 0.9370309353834889}
Use Validation result!
{'seed': 'data/original/QNLI-42', 'learning_rate': 0.0001, 'dev_result': 0.938678381841479, 'test_result': 0.938678381841479}
Statistics for learning rate = 0.0001: mean: 0.9379461834157056, std: 0.0006849089120948005
Use Validation result!
{'seed': 'data/original/QNLI-13', 'learning_rate': 1e-05, 'dev_result': 0.8967600219659527, 'test_result': 0.8967600219659527}
Use Validation result!
{'seed': 'data/original/QNLI-21', 'learning_rate': 1e-05, 'dev_result': 0.8941973274757459, 'test_result': 0.8941973274757459}
Use Validation result!
{'seed': 'data/original/QNLI-42', 'learning_rate': 1e-05, 'dev_result': 0.8974922203917262, 'test_result': 0.8974922203917262}
Statistics for learning rate = 1e-05: mean: 0.8961498566111415, std: 0.0014126349262054273
{'best_lr': 0.0001, 'mean': 0.9379461834157056, 'std': 0.0006849089120948005}
