{'tag': 'exp-fulldata-16-N', 'task_name': 'qnli', 'training_params': ['bias']}
total experiments: 9

Use Validation result!
{'seed': 'data/original/QNLI-13', 'learning_rate': 0.001, 'dev_result': 0.9373970345963756, 'test_result': 0.9373970345963756}
Use Validation result!
{'seed': 'data/original/QNLI-21', 'learning_rate': 0.001, 'dev_result': 0.9341021416803954, 'test_result': 0.9341021416803954}
Use Validation result!
{'seed': 'data/original/QNLI-42', 'learning_rate': 0.001, 'dev_result': 0.9297089511257551, 'test_result': 0.9297089511257551}
Statistics for learning rate = 0.001: mean: 0.9337360424675087, std: 0.003149304509259573
Use Validation result!
{'seed': 'data/original/QNLI-13', 'learning_rate': 0.0001, 'dev_result': 0.9084751967783269, 'test_result': 0.9084751967783269}
Use Validation result!
{'seed': 'data/original/QNLI-21', 'learning_rate': 0.0001, 'dev_result': 0.9064616511074501, 'test_result': 0.9064616511074501}
Use Validation result!
{'seed': 'data/original/QNLI-42', 'learning_rate': 0.0001, 'dev_result': 0.9049972542559034, 'test_result': 0.9049972542559034}
Statistics for learning rate = 0.0001: mean: 0.9066447007138935, std: 0.001425751595039072
Use Validation result!
{'seed': 'data/original/QNLI-13', 'learning_rate': 1e-05, 'dev_result': 0.8101775581182501, 'test_result': 0.8101775581182501}
Use Validation result!
{'seed': 'data/original/QNLI-21', 'learning_rate': 1e-05, 'dev_result': 0.8098114589053633, 'test_result': 0.8098114589053633}
Use Validation result!
{'seed': 'data/original/QNLI-42', 'learning_rate': 1e-05, 'dev_result': 0.8081640124473732, 'test_result': 0.8081640124473732}
Statistics for learning rate = 1e-05: mean: 0.8093843431569955, std: 0.0008757520345602236
Warning! Best Learning rate equals maximum Learning rate.
{'best_lr': 0.001, 'mean': 0.9337360424675087, 'std': 0.003149304509259573}
