{'tag': 'exp-fulldata-16-N', 'task_name': 'qqp/f1', 'training_params': ['prompt,bias,adapter']}
total experiments: 9

Use Validation result!
{'seed': 'data/original/QQP-13', 'learning_rate': 0.001, 'dev_result': 0.0, 'test_result': 0.0}
Use Validation result!
{'seed': 'data/original/QQP-21', 'learning_rate': 0.001, 'dev_result': 0.5381903642773208, 'test_result': 0.5381903642773208}
Use Validation result!
{'seed': 'data/original/QQP-42', 'learning_rate': 0.001, 'dev_result': 0.0, 'test_result': 0.0}
Statistics for learning rate = 0.001: mean: 0.17939678809244028, std: 0.2537053707665012
Use Validation result!
{'seed': 'data/original/QQP-13', 'learning_rate': 0.0001, 'dev_result': 0.8443417420887092, 'test_result': 0.8443417420887092}
Use Validation result!
{'seed': 'data/original/QQP-21', 'learning_rate': 0.0001, 'dev_result': 0.8439392952517424, 'test_result': 0.8439392952517424}
Use Validation result!
{'seed': 'data/original/QQP-42', 'learning_rate': 0.0001, 'dev_result': 0.844470420157153, 'test_result': 0.844470420157153}
Statistics for learning rate = 0.0001: mean: 0.8442504858325348, std: 0.0002262287846481602
Use Validation result!
{'seed': 'data/original/QQP-13', 'learning_rate': 1e-05, 'dev_result': 0.7968790301779727, 'test_result': 0.7968790301779727}
Use Validation result!
{'seed': 'data/original/QQP-21', 'learning_rate': 1e-05, 'dev_result': 0.7999085296135376, 'test_result': 0.7999085296135376}
Use Validation result!
{'seed': 'data/original/QQP-42', 'learning_rate': 1e-05, 'dev_result': 0.8019594572818975, 'test_result': 0.8019594572818975}
Statistics for learning rate = 1e-05: mean: 0.7995823390244693, std: 0.0020868612978779356
{'best_lr': 0.0001, 'mean': 0.8442504858325348, 'std': 0.0002262287846481602}
