{'tag': 'exp-fulldata-16-N', 'task_name': 'qqp/f1', 'training_params': ['bias']}
total experiments: 9

Use Validation result!
{'seed': 'data/original/QQP-13', 'learning_rate': 0.001, 'dev_result': 0.8353676117251322, 'test_result': 0.8353676117251322}
Use Validation result!
{'seed': 'data/original/QQP-21', 'learning_rate': 0.001, 'dev_result': 0.8342657568799922, 'test_result': 0.8342657568799922}
Use Validation result!
{'seed': 'data/original/QQP-42', 'learning_rate': 0.001, 'dev_result': 0.834375, 'test_result': 0.834375}
Statistics for learning rate = 0.001: mean: 0.8346694562017082, std: 0.0004956809228949086
Use Validation result!
{'seed': 'data/original/QQP-13', 'learning_rate': 0.0001, 'dev_result': 0.8113195786324253, 'test_result': 0.8113195786324253}
Use Validation result!
{'seed': 'data/original/QQP-21', 'learning_rate': 0.0001, 'dev_result': 0.8108932744741625, 'test_result': 0.8108932744741625}
Use Validation result!
{'seed': 'data/original/QQP-42', 'learning_rate': 0.0001, 'dev_result': 0.8128710974909023, 'test_result': 0.8128710974909023}
Statistics for learning rate = 0.0001: mean: 0.8116946501991634, std: 0.0008498842986030071
Use Validation result!
{'seed': 'data/original/QQP-13', 'learning_rate': 1e-05, 'dev_result': 0.7342018908996393, 'test_result': 0.7342018908996393}
Use Validation result!
{'seed': 'data/original/QQP-21', 'learning_rate': 1e-05, 'dev_result': 0.7361473324962168, 'test_result': 0.7361473324962168}
Use Validation result!
{'seed': 'data/original/QQP-42', 'learning_rate': 1e-05, 'dev_result': 0.7336343848477956, 'test_result': 0.7336343848477956}
Statistics for learning rate = 1e-05: mean: 0.7346612027478839, std: 0.0010760892160596317
Warning! Best Learning rate equals maximum Learning rate.
{'best_lr': 0.001, 'mean': 0.8346694562017082, 'std': 0.0004956809228949086}
