{'tag': 'exp-fulldata-16-N', 'task_name': 'rte', 'training_params': ['bias']}
total experiments: 12

Use Validation result!
{'seed': 'data/original/RTE-13', 'learning_rate': 0.01, 'dev_result': 0.5270758122743683, 'test_result': 0.5270758122743683}
Use Validation result!
{'seed': 'data/original/RTE-21', 'learning_rate': 0.01, 'dev_result': 0.5270758122743683, 'test_result': 0.5270758122743683}
Use Validation result!
{'seed': 'data/original/RTE-42', 'learning_rate': 0.01, 'dev_result': 0.5270758122743683, 'test_result': 0.5270758122743683}
Statistics for learning rate = 0.01: mean: 0.5270758122743683, std: 0.0
Use Validation result!
{'seed': 'data/original/RTE-13', 'learning_rate': 0.001, 'dev_result': 0.8628158844765343, 'test_result': 0.8628158844765343}
Use Validation result!
{'seed': 'data/original/RTE-21', 'learning_rate': 0.001, 'dev_result': 0.8483754512635379, 'test_result': 0.8483754512635379}
Use Validation result!
{'seed': 'data/original/RTE-42', 'learning_rate': 0.001, 'dev_result': 0.8736462093862816, 'test_result': 0.8736462093862816}
Statistics for learning rate = 0.001: mean: 0.8616125150421179, std: 0.010351775291266713
Use Validation result!
{'seed': 'data/original/RTE-13', 'learning_rate': 0.0001, 'dev_result': 0.7978339350180506, 'test_result': 0.7978339350180506}
Use Validation result!
{'seed': 'data/original/RTE-21', 'learning_rate': 0.0001, 'dev_result': 0.8231046931407943, 'test_result': 0.8231046931407943}
Use Validation result!
{'seed': 'data/original/RTE-42', 'learning_rate': 0.0001, 'dev_result': 0.8122743682310469, 'test_result': 0.8122743682310469}
Statistics for learning rate = 0.0001: mean: 0.8110709987966306, std: 0.010351775291266707
Use Validation result!
{'seed': 'data/original/RTE-13', 'learning_rate': 1e-05, 'dev_result': 0.7075812274368231, 'test_result': 0.7075812274368231}
Use Validation result!
{'seed': 'data/original/RTE-21', 'learning_rate': 1e-05, 'dev_result': 0.7075812274368231, 'test_result': 0.7075812274368231}
Use Validation result!
{'seed': 'data/original/RTE-42', 'learning_rate': 1e-05, 'dev_result': 0.7111913357400722, 'test_result': 0.7111913357400722}
Statistics for learning rate = 1e-05: mean: 0.7087845968712395, std: 0.0017018213746968895
{'best_lr': 0.001, 'mean': 0.8616125150421179, 'std': 0.010351775291266713}
