{'tag': 'exp-fulldata-Y', 'task_name': 'rte', 'training_params': ['adapter']}
total experiments: 12

Use Validation result!
{'seed': 'data/original/RTE-13', 'learning_rate': 0.01, 'dev_result': 0.5270758122743683, 'test_result': 0.5270758122743683}
Use Validation result!
{'seed': 'data/original/RTE-21', 'learning_rate': 0.01, 'dev_result': 0.5270758122743683, 'test_result': 0.5270758122743683}
Use Validation result!
{'seed': 'data/original/RTE-42', 'learning_rate': 0.01, 'dev_result': 0.5270758122743683, 'test_result': 0.5270758122743683}
Statistics for learning rate = 0.01: mean: 0.5270758122743683, std: 0.0
Use Validation result!
{'seed': 'data/original/RTE-13', 'learning_rate': 0.001, 'dev_result': 0.8194945848375451, 'test_result': 0.8194945848375451}
Use Validation result!
{'seed': 'data/original/RTE-21', 'learning_rate': 0.001, 'dev_result': 0.5270758122743683, 'test_result': 0.5270758122743683}
Use Validation result!
{'seed': 'data/original/RTE-42', 'learning_rate': 0.001, 'dev_result': 0.8953068592057761, 'test_result': 0.8953068592057761}
Statistics for learning rate = 0.001: mean: 0.7472924187725631, std: 0.15876269622596403
Use Validation result!
{'seed': 'data/original/RTE-13', 'learning_rate': 0.0001, 'dev_result': 0.8808664259927798, 'test_result': 0.8808664259927798}
Use Validation result!
{'seed': 'data/original/RTE-21', 'learning_rate': 0.0001, 'dev_result': 0.8664259927797834, 'test_result': 0.8664259927797834}
Use Validation result!
{'seed': 'data/original/RTE-42', 'learning_rate': 0.0001, 'dev_result': 0.8628158844765343, 'test_result': 0.8628158844765343}
Statistics for learning rate = 0.0001: mean: 0.8700361010830324, std: 0.007798725268842164
Use Validation result!
{'seed': 'data/original/RTE-13', 'learning_rate': 1e-05, 'dev_result': 0.851985559566787, 'test_result': 0.851985559566787}
Use Validation result!
{'seed': 'data/original/RTE-21', 'learning_rate': 1e-05, 'dev_result': 0.8411552346570397, 'test_result': 0.8411552346570397}
Use Validation result!
{'seed': 'data/original/RTE-42', 'learning_rate': 1e-05, 'dev_result': 0.851985559566787, 'test_result': 0.851985559566787}
Statistics for learning rate = 1e-05: mean: 0.848375451263538, std: 0.005105464124090616
{'best_lr': 0.0001, 'mean': 0.8700361010830324, 'std': 0.007798725268842164}
