{'tag': 'exp-fulldata-16-N', 'task_name': 'rte', 'training_params': ['bias,adapter']}
total experiments: 12

Use Validation result!
{'seed': 'data/original/RTE-13', 'learning_rate': 0.01, 'dev_result': 0.5270758122743683, 'test_result': 0.5270758122743683}
Use Validation result!
{'seed': 'data/original/RTE-21', 'learning_rate': 0.01, 'dev_result': 0.5270758122743683, 'test_result': 0.5270758122743683}
Use Validation result!
{'seed': 'data/original/RTE-42', 'learning_rate': 0.01, 'dev_result': 0.5270758122743683, 'test_result': 0.5270758122743683}
Statistics for learning rate = 0.01: mean: 0.5270758122743683, std: 0.0
Use Validation result!
{'seed': 'data/original/RTE-13', 'learning_rate': 0.001, 'dev_result': 0.5342960288808665, 'test_result': 0.5342960288808665}
Use Validation result!
{'seed': 'data/original/RTE-21', 'learning_rate': 0.001, 'dev_result': 0.5270758122743683, 'test_result': 0.5270758122743683}
Use Validation result!
{'seed': 'data/original/RTE-42', 'learning_rate': 0.001, 'dev_result': 0.5270758122743683, 'test_result': 0.5270758122743683}
Statistics for learning rate = 0.001: mean: 0.529482551143201, std: 0.0034036427493937265
Use Validation result!
{'seed': 'data/original/RTE-13', 'learning_rate': 0.0001, 'dev_result': 0.8411552346570397, 'test_result': 0.8411552346570397}
Use Validation result!
{'seed': 'data/original/RTE-21', 'learning_rate': 0.0001, 'dev_result': 0.8411552346570397, 'test_result': 0.8411552346570397}
Use Validation result!
{'seed': 'data/original/RTE-42', 'learning_rate': 0.0001, 'dev_result': 0.851985559566787, 'test_result': 0.851985559566787}
Statistics for learning rate = 0.0001: mean: 0.8447653429602888, std: 0.005105464124090616
Use Validation result!
{'seed': 'data/original/RTE-13', 'learning_rate': 1e-05, 'dev_result': 0.7906137184115524, 'test_result': 0.7906137184115524}
Use Validation result!
{'seed': 'data/original/RTE-21', 'learning_rate': 1e-05, 'dev_result': 0.8014440433212996, 'test_result': 0.8014440433212996}
Use Validation result!
{'seed': 'data/original/RTE-42', 'learning_rate': 1e-05, 'dev_result': 0.8014440433212996, 'test_result': 0.8014440433212996}
Statistics for learning rate = 1e-05: mean: 0.7978339350180504, std: 0.005105464124090564
{'best_lr': 0.0001, 'mean': 0.8447653429602888, 'std': 0.005105464124090616}
