{'tag': 'exp-fulldata-16-Y', 'task_name': 'mnli', 'training_params': ['adapter']}
total experiments: 9

Use Validation result!
{'seed': 'data/original/MNLI-13', 'learning_rate': 0.001, 'dev_result': 0.5398879266428935, 'test_result': 0.5398879266428935}
Use Validation result!
{'seed': 'data/original/MNLI-21', 'learning_rate': 0.001, 'dev_result': 0.8067244014263881, 'test_result': 0.8067244014263881}
Use Validation result!
{'seed': 'data/original/MNLI-42', 'learning_rate': 0.001, 'dev_result': 0.8462557310239429, 'test_result': 0.8462557310239429}
Statistics for learning rate = 0.001: mean: 0.7309560196977415, std: 0.1360660223142909
Use Validation result!
{'seed': 'data/original/MNLI-13', 'learning_rate': 0.0001, 'dev_result': 0.8848700967906266, 'test_result': 0.8848700967906266}
Use Validation result!
{'seed': 'data/original/MNLI-21', 'learning_rate': 0.0001, 'dev_result': 0.8872134488028528, 'test_result': 0.8872134488028528}
Use Validation result!
{'seed': 'data/original/MNLI-42', 'learning_rate': 0.0001, 'dev_result': 0.8855832908813042, 'test_result': 0.8855832908813042}
Statistics for learning rate = 0.0001: mean: 0.8858889454915945, std: 0.0009807796962604122
Use Validation result!
{'seed': 'data/original/MNLI-13', 'learning_rate': 1e-05, 'dev_result': 0.8290371879775853, 'test_result': 0.8290371879775853}
Use Validation result!
{'seed': 'data/original/MNLI-21', 'learning_rate': 1e-05, 'dev_result': 0.8338257768721344, 'test_result': 0.8338257768721344}
Use Validation result!
{'seed': 'data/original/MNLI-42', 'learning_rate': 1e-05, 'dev_result': 0.8307692307692308, 'test_result': 0.8307692307692308}
Statistics for learning rate = 1e-05: mean: 0.8312107318729836, std: 0.0019797033984431402
{'best_lr': 0.0001, 'mean': 0.8858889454915945, 'std': 0.0009807796962604122}
