{'tag': 'exp-fulldata-16-Y', 'task_name': 'mnli', 'training_params': ['prompt,bias']}
total experiments: 9

Use Validation result!
{'seed': 'data/original/MNLI-13', 'learning_rate': 0.001, 'dev_result': 0.8813041263372389, 'test_result': 0.8813041263372389}
Use Validation result!
{'seed': 'data/original/MNLI-21', 'learning_rate': 0.001, 'dev_result': 0.8797758532857871, 'test_result': 0.8797758532857871}
Use Validation result!
{'seed': 'data/original/MNLI-42', 'learning_rate': 0.001, 'dev_result': 0.8791645440652063, 'test_result': 0.8791645440652063}
Statistics for learning rate = 0.001: mean: 0.8800815078960774, std: 0.0008998228085917163
Use Validation result!
{'seed': 'data/original/MNLI-13', 'learning_rate': 0.0001, 'dev_result': 0.8546102903718797, 'test_result': 0.8546102903718797}
Use Validation result!
{'seed': 'data/original/MNLI-21', 'learning_rate': 0.0001, 'dev_result': 0.8592969943963321, 'test_result': 0.8592969943963321}
Use Validation result!
{'seed': 'data/original/MNLI-42', 'learning_rate': 0.0001, 'dev_result': 0.8523688232297504, 'test_result': 0.8523688232297504}
Statistics for learning rate = 0.0001: mean: 0.8554253693326541, std: 0.0028865382049075494
Use Validation result!
{'seed': 'data/original/MNLI-13', 'learning_rate': 1e-05, 'dev_result': 0.7552725420275089, 'test_result': 0.7552725420275089}
Use Validation result!
{'seed': 'data/original/MNLI-21', 'learning_rate': 1e-05, 'dev_result': 0.7536423841059603, 'test_result': 0.7536423841059603}
Use Validation result!
{'seed': 'data/original/MNLI-42', 'learning_rate': 1e-05, 'dev_result': 0.7558838512480897, 'test_result': 0.7558838512480897}
Statistics for learning rate = 1e-05: mean: 0.754932925793853, std: 0.0009460613535190309
Warning! Best Learning rate equals maximum Learning rate.
{'best_lr': 0.001, 'mean': 0.8800815078960774, 'std': 0.0008998228085917163}
