{'tag': 'exp-N', 'task_name': 'rte', 'training_params': ['prompt']}
total experiments: 12

{'seed': '13-13', 'learning_rate': 0.01, 'dev_result': 0.65625, 'test_result': 0.5018050541516246}
{'seed': '42-42', 'learning_rate': 0.01, 'dev_result': 0.65625, 'test_result': 0.5090252707581228}
{'seed': '100-100', 'learning_rate': 0.01, 'dev_result': 0.59375, 'test_result': 0.49097472924187724}
Statistics for learning rate = 0.01: mean: 0.5006016847172082, std: 0.007418067392261118
{'seed': '13-13', 'learning_rate': 0.003, 'dev_result': 0.5625, 'test_result': 0.5018050541516246}
{'seed': '42-42', 'learning_rate': 0.003, 'dev_result': 0.5, 'test_result': 0.4693140794223827}
{'seed': '100-100', 'learning_rate': 0.003, 'dev_result': 0.59375, 'test_result': 0.48375451263537905}
Statistics for learning rate = 0.003: mean: 0.48495788206979545, std: 0.013291649840177219
{'seed': '13-13', 'learning_rate': 0.001, 'dev_result': 0.71875, 'test_result': 0.5234657039711191}
{'seed': '42-42', 'learning_rate': 0.001, 'dev_result': 0.5625, 'test_result': 0.49458483754512633}
{'seed': '100-100', 'learning_rate': 0.001, 'dev_result': 0.625, 'test_result': 0.47653429602888087}
Statistics for learning rate = 0.001: mean: 0.4981949458483754, std: 0.01932897521565465
{'seed': '13-13', 'learning_rate': 0.0003, 'dev_result': 0.65625, 'test_result': 0.516245487364621}
{'seed': '42-42', 'learning_rate': 0.0003, 'dev_result': 0.5, 'test_result': 0.47653429602888087}
{'seed': '100-100', 'learning_rate': 0.0003, 'dev_result': 0.59375, 'test_result': 0.48375451263537905}
Statistics for learning rate = 0.0003: mean: 0.49217809867629364, std: 0.017271600594954667
Warning! Best Learning rate equals maximum Learning rate.
{'best_lr': 0.01, 'mean': 0.5006016847172082, 'std': 0.007418067392261118}
