{'tag': 'exp-fulldata-16-N', 'task_name': 'sst-2', 'training_params': ['bias,adapter']}
total experiments: 12

Use Validation result!
{'seed': '2-13', 'learning_rate': 0.01, 'dev_result': 0.5091743119266054, 'test_result': 0.5091743119266054}
Use Validation result!
{'seed': '2-21', 'learning_rate': 0.01, 'dev_result': 0.5091743119266054, 'test_result': 0.5091743119266054}
Use Validation result!
{'seed': '2-42', 'learning_rate': 0.01, 'dev_result': 0.5091743119266054, 'test_result': 0.5091743119266054}
Statistics for learning rate = 0.01: mean: 0.5091743119266054, std: 0.0
Use Validation result!
{'seed': '2-13', 'learning_rate': 0.001, 'dev_result': 0.930045871559633, 'test_result': 0.930045871559633}
Use Validation result!
{'seed': '2-21', 'learning_rate': 0.001, 'dev_result': 0.5091743119266054, 'test_result': 0.5091743119266054}
Use Validation result!
{'seed': '2-42', 'learning_rate': 0.001, 'dev_result': 0.5091743119266054, 'test_result': 0.5091743119266054}
Statistics for learning rate = 0.001: mean: 0.6494648318042813, std: 0.1984007558833815
Use Validation result!
{'seed': '2-13', 'learning_rate': 0.0001, 'dev_result': 0.9541284403669725, 'test_result': 0.9541284403669725}
Use Validation result!
{'seed': '2-21', 'learning_rate': 0.0001, 'dev_result': 0.9552752293577982, 'test_result': 0.9552752293577982}
Use Validation result!
{'seed': '2-42', 'learning_rate': 0.0001, 'dev_result': 0.9552752293577982, 'test_result': 0.9552752293577982}
Statistics for learning rate = 0.0001: mean: 0.9548929663608563, std: 0.000540601514668598
Use Validation result!
{'seed': '2-13', 'learning_rate': 1e-05, 'dev_result': 0.9598623853211009, 'test_result': 0.9598623853211009}
Use Validation result!
{'seed': '2-21', 'learning_rate': 1e-05, 'dev_result': 0.9564220183486238, 'test_result': 0.9564220183486238}
Use Validation result!
{'seed': '2-42', 'learning_rate': 1e-05, 'dev_result': 0.9552752293577982, 'test_result': 0.9552752293577982}
Statistics for learning rate = 1e-05: mean: 0.9571865443425077, std: 0.0019491664807311788
Warning! Best Learning rate equals minmum Learning rate.
{'best_lr': 1e-05, 'mean': 0.9571865443425077, 'std': 0.0019491664807311788}
