{'tag': 'exp-fulldata-16-N', 'task_name': 'sst-2', 'training_params': ['prompt,adapter']}
total experiments: 12

Use Validation result!
{'seed': '2-13', 'learning_rate': 0.01, 'dev_result': 0.5091743119266054, 'test_result': 0.5091743119266054}
Use Validation result!
{'seed': '2-21', 'learning_rate': 0.01, 'dev_result': 0.5091743119266054, 'test_result': 0.5091743119266054}
Use Validation result!
{'seed': '2-42', 'learning_rate': 0.01, 'dev_result': 0.5091743119266054, 'test_result': 0.5091743119266054}
Statistics for learning rate = 0.01: mean: 0.5091743119266054, std: 0.0
Use Validation result!
{'seed': '2-13', 'learning_rate': 0.001, 'dev_result': 0.893348623853211, 'test_result': 0.893348623853211}
Use Validation result!
{'seed': '2-21', 'learning_rate': 0.001, 'dev_result': 0.5091743119266054, 'test_result': 0.5091743119266054}
Use Validation result!
{'seed': '2-42', 'learning_rate': 0.001, 'dev_result': 0.9357798165137615, 'test_result': 0.9357798165137615}
Statistics for learning rate = 0.001: mean: 0.7794342507645261, std: 0.1918861249685285
Use Validation result!
{'seed': '2-13', 'learning_rate': 0.0001, 'dev_result': 0.9552752293577982, 'test_result': 0.9552752293577982}
Use Validation result!
{'seed': '2-21', 'learning_rate': 0.0001, 'dev_result': 0.9587155963302753, 'test_result': 0.9587155963302753}
Use Validation result!
{'seed': '2-42', 'learning_rate': 0.0001, 'dev_result': 0.9575688073394495, 'test_result': 0.9575688073394495}
Statistics for learning rate = 0.0001: mean: 0.9571865443425077, std: 0.0014302971661979862
Use Validation result!
{'seed': '2-13', 'learning_rate': 1e-05, 'dev_result': 0.9518348623853211, 'test_result': 0.9518348623853211}
Use Validation result!
{'seed': '2-21', 'learning_rate': 1e-05, 'dev_result': 0.9518348623853211, 'test_result': 0.9518348623853211}
Use Validation result!
{'seed': '2-42', 'learning_rate': 1e-05, 'dev_result': 0.9461009174311926, 'test_result': 0.9461009174311926}
Statistics for learning rate = 1e-05: mean: 0.9499235474006116, std: 0.0027030075733430947
{'best_lr': 0.0001, 'mean': 0.9571865443425077, 'std': 0.0014302971661979862}
