{'tag': 'exp-fulldata-16-Y', 'task_name': 'sst-2', 'training_params': ['bias,adapter']}
total experiments: 12

Use Validation result!
{'seed': '2-13', 'learning_rate': 0.01, 'dev_result': 0.5091743119266054, 'test_result': 0.5091743119266054}
Use Validation result!
{'seed': '2-21', 'learning_rate': 0.01, 'dev_result': 0.5091743119266054, 'test_result': 0.5091743119266054}
Use Validation result!
{'seed': '2-42', 'learning_rate': 0.01, 'dev_result': 0.5091743119266054, 'test_result': 0.5091743119266054}
Statistics for learning rate = 0.01: mean: 0.5091743119266054, std: 0.0
Use Validation result!
{'seed': '2-13', 'learning_rate': 0.001, 'dev_result': 0.9139908256880734, 'test_result': 0.9139908256880734}
Use Validation result!
{'seed': '2-21', 'learning_rate': 0.001, 'dev_result': 0.9438073394495413, 'test_result': 0.9438073394495413}
Use Validation result!
{'seed': '2-42', 'learning_rate': 0.001, 'dev_result': 0.9334862385321101, 'test_result': 0.9334862385321101}
Statistics for learning rate = 0.001: mean: 0.9304281345565749, std: 0.012363120511312095
Use Validation result!
{'seed': '2-13', 'learning_rate': 0.0001, 'dev_result': 0.9587155963302753, 'test_result': 0.9587155963302753}
Use Validation result!
{'seed': '2-21', 'learning_rate': 0.0001, 'dev_result': 0.9610091743119266, 'test_result': 0.9610091743119266}
Use Validation result!
{'seed': '2-42', 'learning_rate': 0.0001, 'dev_result': 0.9598623853211009, 'test_result': 0.9598623853211009}
Statistics for learning rate = 0.0001: mean: 0.9598623853211009, std: 0.0009363492900547034
Use Validation result!
{'seed': '2-13', 'learning_rate': 1e-05, 'dev_result': 0.963302752293578, 'test_result': 0.963302752293578}
Use Validation result!
{'seed': '2-21', 'learning_rate': 1e-05, 'dev_result': 0.9587155963302753, 'test_result': 0.9587155963302753}
Use Validation result!
{'seed': '2-42', 'learning_rate': 1e-05, 'dev_result': 0.963302752293578, 'test_result': 0.963302752293578}
Statistics for learning rate = 1e-05: mean: 0.9617737003058103, std: 0.002162406058674444
Warning! Best Learning rate equals minmum Learning rate.
{'best_lr': 1e-05, 'mean': 0.9617737003058103, 'std': 0.002162406058674444}
