{'tag': 'exp-fulldata-16-Y', 'task_name': 'sst-2', 'training_params': ['prompt']}
total experiments: 12

Use Validation result!
{'seed': '2-13', 'learning_rate': 0.01, 'dev_result': 0.9598623853211009, 'test_result': 0.9598623853211009}
Use Validation result!
{'seed': '2-21', 'learning_rate': 0.01, 'dev_result': 0.9552752293577982, 'test_result': 0.9552752293577982}
Use Validation result!
{'seed': '2-42', 'learning_rate': 0.01, 'dev_result': 0.9564220183486238, 'test_result': 0.9564220183486238}
Statistics for learning rate = 0.01: mean: 0.9571865443425076, std: 0.0019491664807311788
Use Validation result!
{'seed': '2-13', 'learning_rate': 0.001, 'dev_result': 0.9552752293577982, 'test_result': 0.9552752293577982}
Use Validation result!
{'seed': '2-21', 'learning_rate': 0.001, 'dev_result': 0.9541284403669725, 'test_result': 0.9541284403669725}
Use Validation result!
{'seed': '2-42', 'learning_rate': 0.001, 'dev_result': 0.9575688073394495, 'test_result': 0.9575688073394495}
Statistics for learning rate = 0.001: mean: 0.9556574923547401, std: 0.0014302971661979465
Use Validation result!
{'seed': '2-13', 'learning_rate': 0.0001, 'dev_result': 0.9380733944954128, 'test_result': 0.9380733944954128}
Use Validation result!
{'seed': '2-21', 'learning_rate': 0.0001, 'dev_result': 0.9426605504587156, 'test_result': 0.9426605504587156}
Use Validation result!
{'seed': '2-42', 'learning_rate': 0.0001, 'dev_result': 0.9357798165137615, 'test_result': 0.9357798165137615}
Statistics for learning rate = 0.0001: mean: 0.9388379204892967, std: 0.0028605943323959425
Use Validation result!
{'seed': '2-13', 'learning_rate': 1e-05, 'dev_result': 0.8314220183486238, 'test_result': 0.8314220183486238}
Use Validation result!
{'seed': '2-21', 'learning_rate': 1e-05, 'dev_result': 0.8337155963302753, 'test_result': 0.8337155963302753}
Use Validation result!
{'seed': '2-42', 'learning_rate': 1e-05, 'dev_result': 0.8337155963302753, 'test_result': 0.8337155963302753}
Statistics for learning rate = 1e-05: mean: 0.8329510703363914, std: 0.0010812030293372483
Warning! Best Learning rate equals maximum Learning rate.
{'best_lr': 0.01, 'mean': 0.9571865443425076, 'std': 0.0019491664807311788}
