{'tag': 'exp-fulldata-16-N', 'task_name': 'sst-2', 'training_params': ['adapter']}
total experiments: 12

Use Validation result!
{'seed': '2-13', 'learning_rate': 0.01, 'dev_result': 0.5091743119266054, 'test_result': 0.5091743119266054}
Use Validation result!
{'seed': '2-21', 'learning_rate': 0.01, 'dev_result': 0.5091743119266054, 'test_result': 0.5091743119266054}
Use Validation result!
{'seed': '2-42', 'learning_rate': 0.01, 'dev_result': 0.5091743119266054, 'test_result': 0.5091743119266054}
Statistics for learning rate = 0.01: mean: 0.5091743119266054, std: 0.0
Use Validation result!
{'seed': '2-13', 'learning_rate': 0.001, 'dev_result': 0.5091743119266054, 'test_result': 0.5091743119266054}
Use Validation result!
{'seed': '2-21', 'learning_rate': 0.001, 'dev_result': 0.9323394495412844, 'test_result': 0.9323394495412844}
Use Validation result!
{'seed': '2-42', 'learning_rate': 0.001, 'dev_result': 0.5091743119266054, 'test_result': 0.5091743119266054}
Statistics for learning rate = 0.001: mean: 0.6502293577981652, std: 0.19948195891271872
Use Validation result!
{'seed': '2-13', 'learning_rate': 0.0001, 'dev_result': 0.9575688073394495, 'test_result': 0.9575688073394495}
Use Validation result!
{'seed': '2-21', 'learning_rate': 0.0001, 'dev_result': 0.9575688073394495, 'test_result': 0.9575688073394495}
Use Validation result!
{'seed': '2-42', 'learning_rate': 0.0001, 'dev_result': 0.9587155963302753, 'test_result': 0.9587155963302753}
Statistics for learning rate = 0.0001: mean: 0.9579510703363914, std: 0.0005406015146686503
Use Validation result!
{'seed': '2-13', 'learning_rate': 1e-05, 'dev_result': 0.9552752293577982, 'test_result': 0.9552752293577982}
Use Validation result!
{'seed': '2-21', 'learning_rate': 1e-05, 'dev_result': 0.9552752293577982, 'test_result': 0.9552752293577982}
Use Validation result!
{'seed': '2-42', 'learning_rate': 1e-05, 'dev_result': 0.9529816513761468, 'test_result': 0.9529816513761468}
Statistics for learning rate = 1e-05: mean: 0.9545107033639143, std: 0.0010812030293372483
{'best_lr': 0.0001, 'mean': 0.9579510703363914, 'std': 0.0005406015146686503}
