{'tag': 'exp-fulldata-16-N', 'task_name': 'sst-2', 'training_params': ['prompt,bias,adapter']}
total experiments: 12

Use Validation result!
{'seed': '2-13', 'learning_rate': 0.01, 'dev_result': 0.5091743119266054, 'test_result': 0.5091743119266054}
Use Validation result!
{'seed': '2-21', 'learning_rate': 0.01, 'dev_result': 0.5091743119266054, 'test_result': 0.5091743119266054}
Use Validation result!
{'seed': '2-42', 'learning_rate': 0.01, 'dev_result': 0.5091743119266054, 'test_result': 0.5091743119266054}
Statistics for learning rate = 0.01: mean: 0.5091743119266054, std: 0.0
Use Validation result!
{'seed': '2-13', 'learning_rate': 0.001, 'dev_result': 0.5091743119266054, 'test_result': 0.5091743119266054}
Use Validation result!
{'seed': '2-21', 'learning_rate': 0.001, 'dev_result': 0.5091743119266054, 'test_result': 0.5091743119266054}
Use Validation result!
{'seed': '2-42', 'learning_rate': 0.001, 'dev_result': 0.9197247706422018, 'test_result': 0.9197247706422018}
Statistics for learning rate = 0.001: mean: 0.6460244648318042, std: 0.19353534225136396
Use Validation result!
{'seed': '2-13', 'learning_rate': 0.0001, 'dev_result': 0.9529816513761468, 'test_result': 0.9529816513761468}
Use Validation result!
{'seed': '2-21', 'learning_rate': 0.0001, 'dev_result': 0.9564220183486238, 'test_result': 0.9564220183486238}
Use Validation result!
{'seed': '2-42', 'learning_rate': 0.0001, 'dev_result': 0.9552752293577982, 'test_result': 0.9552752293577982}
Statistics for learning rate = 0.0001: mean: 0.9548929663608563, std: 0.0014302971661979962
Use Validation result!
{'seed': '2-13', 'learning_rate': 1e-05, 'dev_result': 0.9541284403669725, 'test_result': 0.9541284403669725}
Use Validation result!
{'seed': '2-21', 'learning_rate': 1e-05, 'dev_result': 0.948394495412844, 'test_result': 0.948394495412844}
Use Validation result!
{'seed': '2-42', 'learning_rate': 1e-05, 'dev_result': 0.948394495412844, 'test_result': 0.948394495412844}
Statistics for learning rate = 1e-05: mean: 0.9503058103975536, std: 0.0027030075733430947
{'best_lr': 0.0001, 'mean': 0.9548929663608563, 'std': 0.0014302971661979962}
