{'tag': 'exp-fulldata-16-Y', 'task_name': 'sst-2', 'training_params': ['adapter']}
total experiments: 12

Use Validation result!
{'seed': '2-13', 'learning_rate': 0.01, 'dev_result': 0.5091743119266054, 'test_result': 0.5091743119266054}
Use Validation result!
{'seed': '2-21', 'learning_rate': 0.01, 'dev_result': 0.5091743119266054, 'test_result': 0.5091743119266054}
Use Validation result!
{'seed': '2-42', 'learning_rate': 0.01, 'dev_result': 0.5091743119266054, 'test_result': 0.5091743119266054}
Statistics for learning rate = 0.01: mean: 0.5091743119266054, std: 0.0
Use Validation result!
{'seed': '2-13', 'learning_rate': 0.001, 'dev_result': 0.9506880733944955, 'test_result': 0.9506880733944955}
Use Validation result!
{'seed': '2-21', 'learning_rate': 0.001, 'dev_result': 0.8830275229357798, 'test_result': 0.8830275229357798}
Use Validation result!
{'seed': '2-42', 'learning_rate': 0.001, 'dev_result': 0.9518348623853211, 'test_result': 0.9518348623853211}
Statistics for learning rate = 0.001: mean: 0.9285168195718655, std: 0.03216919709475422
Use Validation result!
{'seed': '2-13', 'learning_rate': 0.0001, 'dev_result': 0.9621559633027523, 'test_result': 0.9621559633027523}
Use Validation result!
{'seed': '2-21', 'learning_rate': 0.0001, 'dev_result': 0.9610091743119266, 'test_result': 0.9610091743119266}
Use Validation result!
{'seed': '2-42', 'learning_rate': 0.0001, 'dev_result': 0.9655963302752294, 'test_result': 0.9655963302752294}
Statistics for learning rate = 0.0001: mean: 0.9629204892966361, std: 0.001949166480731215
Use Validation result!
{'seed': '2-13', 'learning_rate': 1e-05, 'dev_result': 0.9587155963302753, 'test_result': 0.9587155963302753}
Use Validation result!
{'seed': '2-21', 'learning_rate': 1e-05, 'dev_result': 0.9621559633027523, 'test_result': 0.9621559633027523}
Use Validation result!
{'seed': '2-42', 'learning_rate': 1e-05, 'dev_result': 0.9610091743119266, 'test_result': 0.9610091743119266}
Statistics for learning rate = 1e-05: mean: 0.9606269113149847, std: 0.0014302971661979862
{'best_lr': 0.0001, 'mean': 0.9629204892966361, 'std': 0.001949166480731215}
