{'tag': 'exp-fulldata-16-Y', 'task_name': 'sst-2', 'training_params': ['prompt,bias']}
total experiments: 12

Use Validation result!
{'seed': '2-13', 'learning_rate': 0.01, 'dev_result': 0.5344036697247706, 'test_result': 0.5344036697247706}
Use Validation result!
{'seed': '2-21', 'learning_rate': 0.01, 'dev_result': 0.5091743119266054, 'test_result': 0.5091743119266054}
Use Validation result!
{'seed': '2-42', 'learning_rate': 0.01, 'dev_result': 0.5091743119266054, 'test_result': 0.5091743119266054}
Statistics for learning rate = 0.01: mean: 0.5175840978593272, std: 0.011893233322709522
Use Validation result!
{'seed': '2-13', 'learning_rate': 0.001, 'dev_result': 0.9529816513761468, 'test_result': 0.9529816513761468}
Use Validation result!
{'seed': '2-21', 'learning_rate': 0.001, 'dev_result': 0.9575688073394495, 'test_result': 0.9575688073394495}
Use Validation result!
{'seed': '2-42', 'learning_rate': 0.001, 'dev_result': 0.9506880733944955, 'test_result': 0.9506880733944955}
Statistics for learning rate = 0.001: mean: 0.9537461773700305, std: 0.0028605943323959425
Use Validation result!
{'seed': '2-13', 'learning_rate': 0.0001, 'dev_result': 0.9587155963302753, 'test_result': 0.9587155963302753}
Use Validation result!
{'seed': '2-21', 'learning_rate': 0.0001, 'dev_result': 0.9575688073394495, 'test_result': 0.9575688073394495}
Use Validation result!
{'seed': '2-42', 'learning_rate': 0.0001, 'dev_result': 0.9598623853211009, 'test_result': 0.9598623853211009}
Statistics for learning rate = 0.0001: mean: 0.9587155963302753, std: 0.0009363492900547487
Use Validation result!
{'seed': '2-13', 'learning_rate': 1e-05, 'dev_result': 0.9495412844036697, 'test_result': 0.9495412844036697}
Use Validation result!
{'seed': '2-21', 'learning_rate': 1e-05, 'dev_result': 0.948394495412844, 'test_result': 0.948394495412844}
Use Validation result!
{'seed': '2-42', 'learning_rate': 1e-05, 'dev_result': 0.9495412844036697, 'test_result': 0.9495412844036697}
Statistics for learning rate = 1e-05: mean: 0.9491590214067278, std: 0.000540601514668598
{'best_lr': 0.0001, 'mean': 0.9587155963302753, 'std': 0.0009363492900547487}
