{'tag': 'exp-fulldata-16-N', 'task_name': 'sst-2', 'training_params': ['bias']}
total experiments: 10

Use Validation result!
{'seed': '2-13', 'learning_rate': 0.01, 'dev_result': 0.5091743119266054, 'test_result': 0.5091743119266054}
Statistics for learning rate = 0.01: mean: 0.5091743119266054, std: 0.0
Use Validation result!
{'seed': '2-13', 'learning_rate': 0.001, 'dev_result': 0.9564220183486238, 'test_result': 0.9564220183486238}
Use Validation result!
{'seed': '2-21', 'learning_rate': 0.001, 'dev_result': 0.9495412844036697, 'test_result': 0.9495412844036697}
Use Validation result!
{'seed': '2-42', 'learning_rate': 0.001, 'dev_result': 0.9541284403669725, 'test_result': 0.9541284403669725}
Statistics for learning rate = 0.001: mean: 0.9533639143730888, std: 0.0028605943323959924
Use Validation result!
{'seed': '2-13', 'learning_rate': 0.0001, 'dev_result': 0.9552752293577982, 'test_result': 0.9552752293577982}
Use Validation result!
{'seed': '2-21', 'learning_rate': 0.0001, 'dev_result': 0.9575688073394495, 'test_result': 0.9575688073394495}
Use Validation result!
{'seed': '2-42', 'learning_rate': 0.0001, 'dev_result': 0.9541284403669725, 'test_result': 0.9541284403669725}
Statistics for learning rate = 0.0001: mean: 0.9556574923547401, std: 0.0014302971661979465
Use Validation result!
{'seed': '2-13', 'learning_rate': 1e-05, 'dev_result': 0.948394495412844, 'test_result': 0.948394495412844}
Use Validation result!
{'seed': '2-21', 'learning_rate': 1e-05, 'dev_result': 0.9506880733944955, 'test_result': 0.9506880733944955}
Use Validation result!
{'seed': '2-42', 'learning_rate': 1e-05, 'dev_result': 0.9495412844036697, 'test_result': 0.9495412844036697}
Statistics for learning rate = 1e-05: mean: 0.9495412844036698, std: 0.0009363492900547487
{'best_lr': 0.0001, 'mean': 0.9556574923547401, 'std': 0.0014302971661979465}
