{'tag': 'exp-fulldata-mulstage-N', 'task_name': 'sst-2', 'training_params': ['bias', 'prompt', 'adapter']}
Warning: Overwirte results on learning rate = 0.01, seed = 2-13
Warning: Overwirte results on learning rate = 0.001, seed = 2-13
Warning: Overwirte results on learning rate = 0.0001, seed = 2-13
Warning: Overwirte results on learning rate = 1e-05, seed = 2-13
Warning: Overwirte results on learning rate = 0.01, seed = 2-13
Warning: Overwirte results on learning rate = 0.001, seed = 2-13
Warning: Overwirte results on learning rate = 0.0001, seed = 2-13
Warning: Overwirte results on learning rate = 1e-05, seed = 2-13
total experiments: 12

Use Validation result!
{'seed': '2-13', 'learning_rate': 0.01, 'dev_result': 0.5091743119266054, 'test_result': 0.5091743119266054}
Statistics for learning rate = 0.01: mean: 0.5091743119266054, std: 0.0
Use Validation result!
{'seed': '2-13', 'learning_rate': 0.001, 'dev_result': 0.9610091743119266, 'test_result': 0.9610091743119266}
Statistics for learning rate = 0.001: mean: 0.9610091743119266, std: 0.0
Use Validation result!
{'seed': '2-13', 'learning_rate': 0.0001, 'dev_result': 0.9598623853211009, 'test_result': 0.9598623853211009}
Statistics for learning rate = 0.0001: mean: 0.9598623853211009, std: 0.0
Use Validation result!
{'seed': '2-13', 'learning_rate': 1e-05, 'dev_result': 0.9564220183486238, 'test_result': 0.9564220183486238}
Statistics for learning rate = 1e-05: mean: 0.9564220183486238, std: 0.0
{'best_lr': 0.001, 'mean': 0.9610091743119266, 'std': 0.0}
