{'tag': 'exp-Y', 'task_name': 'mrpc/f1', 'training_params': ['prompt,bias,adapter']}
total experiments: 12

{'seed': '13-13', 'learning_rate': 0.001, 'dev_result': 0.6666666666666666, 'test_result': 0.8122270742358079}
{'seed': '42-42', 'learning_rate': 0.001, 'dev_result': 0.6666666666666666, 'test_result': 0.8122270742358079}
{'seed': '100-100', 'learning_rate': 0.001, 'dev_result': 0.6666666666666666, 'test_result': 0.8122270742358079}
Statistics for learning rate = 0.001: mean: 0.8122270742358079, std: 0.0
{'seed': '13-13', 'learning_rate': 0.0003, 'dev_result': 0.7999999999999999, 'test_result': 0.7132352941176471}
{'seed': '42-42', 'learning_rate': 0.0003, 'dev_result': 0.8108108108108109, 'test_result': 0.779783393501805}
{'seed': '100-100', 'learning_rate': 0.0003, 'dev_result': 0.6451612903225806, 'test_result': 0.7016129032258064}
Statistics for learning rate = 0.0003: mean: 0.7315438636150863, std: 0.034438923476007174
{'seed': '13-13', 'learning_rate': 0.0001, 'dev_result': 0.7777777777777777, 'test_result': 0.7789473684210526}
{'seed': '42-42', 'learning_rate': 0.0001, 'dev_result': 0.8421052631578948, 'test_result': 0.8042328042328043}
{'seed': '100-100', 'learning_rate': 0.0001, 'dev_result': 0.6470588235294118, 'test_result': 0.7957371225577266}
Statistics for learning rate = 0.0001: mean: 0.7929724317371946, std: 0.010506218874152724
{'seed': '13-13', 'learning_rate': 3e-05, 'dev_result': 0.7999999999999999, 'test_result': 0.7272727272727274}
{'seed': '42-42', 'learning_rate': 3e-05, 'dev_result': 0.8387096774193549, 'test_result': 0.7465069860279441}
{'seed': '100-100', 'learning_rate': 3e-05, 'dev_result': 0.7222222222222223, 'test_result': 0.7999999999999999}
Statistics for learning rate = 3e-05: mean: 0.7579265711002238, std: 0.030769240506324333
Warning! Best Learning rate equals maximum Learning rate.
{'best_lr': 0.001, 'mean': 0.8122270742358079, 'std': 0.0}
