{'tag': 'exp-N', 'task_name': 'mrpc/f1', 'training_params': ['adapter']}
total experiments: 12

{'seed': '13-13', 'learning_rate': 0.001, 'dev_result': 0.7222222222222223, 'test_result': 0.72}
{'seed': '42-42', 'learning_rate': 0.001, 'dev_result': 0.6666666666666666, 'test_result': 0.8122270742358079}
{'seed': '100-100', 'learning_rate': 0.001, 'dev_result': 0.6666666666666666, 'test_result': 0.8122270742358079}
Statistics for learning rate = 0.001: mean: 0.7814847161572053, std: 0.043476259734089924
{'seed': '13-13', 'learning_rate': 0.0003, 'dev_result': 0.6666666666666665, 'test_result': 0.5611814345991561}
{'seed': '42-42', 'learning_rate': 0.0003, 'dev_result': 0.8484848484848485, 'test_result': 0.7637051039697542}
{'seed': '100-100', 'learning_rate': 0.0003, 'dev_result': 0.7058823529411765, 'test_result': 0.7929203539823008}
Statistics for learning rate = 0.0003: mean: 0.7059356308504037, std: 0.10304923000709391
{'seed': '13-13', 'learning_rate': 0.0001, 'dev_result': 0.6857142857142857, 'test_result': 0.5833333333333334}
{'seed': '42-42', 'learning_rate': 0.0001, 'dev_result': 0.823529411764706, 'test_result': 0.7458256029684601}
{'seed': '100-100', 'learning_rate': 0.0001, 'dev_result': 0.7777777777777777, 'test_result': 0.8081494057724957}
Statistics for learning rate = 0.0001: mean: 0.7124361140247631, std: 0.09476887704896801
{'seed': '13-13', 'learning_rate': 3e-05, 'dev_result': 0.7058823529411765, 'test_result': 0.5630252100840337}
{'seed': '42-42', 'learning_rate': 3e-05, 'dev_result': 0.75, 'test_result': 0.6707317073170732}
{'seed': '100-100', 'learning_rate': 3e-05, 'dev_result': 0.7317073170731707, 'test_result': 0.7915993537964459}
Statistics for learning rate = 3e-05: mean: 0.6751187570658509, std: 0.09336655163954344
Warning! Best Learning rate equals maximum Learning rate.
{'best_lr': 0.001, 'mean': 0.7814847161572053, 'std': 0.043476259734089924}
