{'tag': 'exp-fulldata-16-Y', 'task_name': 'cola', 'training_params': ['prompt']}
total experiments: 12

Use Validation result!
{'seed': 'data/original/CoLA-13', 'learning_rate': 0.01, 'dev_result': 0.5422122915750147, 'test_result': 0.5422122915750147}
Use Validation result!
{'seed': 'data/original/CoLA-21', 'learning_rate': 0.01, 'dev_result': 0.08481153787433816, 'test_result': 0.08481153787433816}
Use Validation result!
{'seed': 'data/original/CoLA-42', 'learning_rate': 0.01, 'dev_result': 0.5073821361234424, 'test_result': 0.5073821361234424}
Statistics for learning rate = 0.01: mean: 0.3781353218575984, std: 0.20789807858642165
Use Validation result!
{'seed': 'data/original/CoLA-13', 'learning_rate': 0.001, 'dev_result': 0.43049322800749606, 'test_result': 0.43049322800749606}
Use Validation result!
{'seed': 'data/original/CoLA-21', 'learning_rate': 0.001, 'dev_result': 0.47078712112764887, 'test_result': 0.47078712112764887}
Use Validation result!
{'seed': 'data/original/CoLA-42', 'learning_rate': 0.001, 'dev_result': 0.06077791552520238, 'test_result': 0.06077791552520238}
Statistics for learning rate = 0.001: mean: 0.32068608822011574, std: 0.18451755676339898
Use Validation result!
{'seed': 'data/original/CoLA-13', 'learning_rate': 0.0001, 'dev_result': 0.0620357504897946, 'test_result': 0.0620357504897946}
Use Validation result!
{'seed': 'data/original/CoLA-21', 'learning_rate': 0.0001, 'dev_result': 0.0711302099262829, 'test_result': 0.0711302099262829}
Use Validation result!
{'seed': 'data/original/CoLA-42', 'learning_rate': 0.0001, 'dev_result': 0.018758976975746675, 'test_result': 0.018758976975746675}
Statistics for learning rate = 0.0001: mean: 0.050641645797274724, std: 0.02284813233064372
Use Validation result!
{'seed': 'data/original/CoLA-13', 'learning_rate': 1e-05, 'dev_result': 0.010701112395188127, 'test_result': 0.010701112395188127}
Use Validation result!
{'seed': 'data/original/CoLA-21', 'learning_rate': 1e-05, 'dev_result': -0.009030651169131699, 'test_result': -0.009030651169131699}
Use Validation result!
{'seed': 'data/original/CoLA-42', 'learning_rate': 1e-05, 'dev_result': 0.004088540814661295, 'test_result': 0.004088540814661295}
Statistics for learning rate = 1e-05: mean: 0.0019196673469059078, std: 0.008200147658382128
Warning! Best Learning rate equals maximum Learning rate.
{'best_lr': 0.01, 'mean': 0.3781353218575984, 'std': 0.20789807858642165}
