{'tag': 'exp-fulldata-16-N', 'task_name': 'cola', 'training_params': ['adapter']}
total experiments: 12

Use Validation result!
{'seed': 'data/original/CoLA-13', 'learning_rate': 0.01, 'dev_result': 0.0, 'test_result': 0.0}
Use Validation result!
{'seed': 'data/original/CoLA-21', 'learning_rate': 0.01, 'dev_result': 0.0, 'test_result': 0.0}
Use Validation result!
{'seed': 'data/original/CoLA-42', 'learning_rate': 0.01, 'dev_result': 0.0, 'test_result': 0.0}
Statistics for learning rate = 0.01: mean: 0.0, std: 0.0
Use Validation result!
{'seed': 'data/original/CoLA-13', 'learning_rate': 0.001, 'dev_result': 0.0, 'test_result': 0.0}
Use Validation result!
{'seed': 'data/original/CoLA-21', 'learning_rate': 0.001, 'dev_result': 0.0, 'test_result': 0.0}
Use Validation result!
{'seed': 'data/original/CoLA-42', 'learning_rate': 0.001, 'dev_result': 0.0, 'test_result': 0.0}
Statistics for learning rate = 0.001: mean: 0.0, std: 0.0
Use Validation result!
{'seed': 'data/original/CoLA-13', 'learning_rate': 0.0001, 'dev_result': 0.645568857149829, 'test_result': 0.645568857149829}
Use Validation result!
{'seed': 'data/original/CoLA-21', 'learning_rate': 0.0001, 'dev_result': 0.6850707271866645, 'test_result': 0.6850707271866645}
Use Validation result!
{'seed': 'data/original/CoLA-42', 'learning_rate': 0.0001, 'dev_result': 0.6677282266080609, 'test_result': 0.6677282266080609}
Statistics for learning rate = 0.0001: mean: 0.6661226036481848, std: 0.016166487000762224
Use Validation result!
{'seed': 'data/original/CoLA-13', 'learning_rate': 1e-05, 'dev_result': 0.5286883616838448, 'test_result': 0.5286883616838448}
Use Validation result!
{'seed': 'data/original/CoLA-21', 'learning_rate': 1e-05, 'dev_result': 0.5494701108221334, 'test_result': 0.5494701108221334}
Use Validation result!
{'seed': 'data/original/CoLA-42', 'learning_rate': 1e-05, 'dev_result': 0.5286156744059349, 'test_result': 0.5286156744059349}
Statistics for learning rate = 1e-05: mean: 0.535591382303971, std: 0.009813787913635652
{'best_lr': 0.0001, 'mean': 0.6661226036481848, 'std': 0.016166487000762224}
