{'seed': '13-13', 'learning_rate': 0.001, 'resutls': 0.017053897067501995}
{'seed': '21-21', 'learning_rate': 0.001, 'resutls': 0.17725871643406393}
{'seed': '42-42', 'learning_rate': 0.001, 'resutls': 0.03915163091540927}
{'seed': '87-87', 'learning_rate': 0.001, 'resutls': 0.05713735503189502}
{'seed': '100-100', 'learning_rate': 0.001, 'resutls': 0.35316529017155296}
{'seed': '13-13', 'learning_rate': 0.0003, 'resutls': 0.025105097850353104}
{'seed': '21-21', 'learning_rate': 0.0003, 'resutls': 0.24006602064196175}
{'seed': '42-42', 'learning_rate': 0.0003, 'resutls': 0.06656211570576546}
{'seed': '87-87', 'learning_rate': 0.0003, 'resutls': 0.06829937683893118}
{'seed': '100-100', 'learning_rate': 0.0003, 'resutls': 0.15488036894219614}
{'seed': '13-13', 'learning_rate': 0.0001, 'resutls': 0.031045687963647612}
{'seed': '21-21', 'learning_rate': 0.0001, 'resutls': 0.1340995761496152}
{'seed': '42-42', 'learning_rate': 0.0001, 'resutls': 0.008696971007386667}
{'seed': '87-87', 'learning_rate': 0.0001, 'resutls': 0.03097809753400038}
{'seed': '100-100', 'learning_rate': 0.0001, 'resutls': 0.11125651336121405}
{'seed': '13-13', 'learning_rate': 0.01, 'resutls': 0.0}
{'seed': '21-21', 'learning_rate': 0.01, 'resutls': 0.0}
{'seed': '42-42', 'learning_rate': 0.01, 'resutls': 0.0}
{'seed': '87-87', 'learning_rate': 0.01, 'resutls': 0.0}
{'seed': '100-100', 'learning_rate': 0.01, 'resutls': 0.0}
{'seed': '13-13', 'learning_rate': 0.003, 'resutls': -0.02013428050343557}
{'seed': '21-21', 'learning_rate': 0.003, 'resutls': 0.02296626218821298}
{'seed': '42-42', 'learning_rate': 0.003, 'resutls': 0.12829974762194854}
{'seed': '87-87', 'learning_rate': 0.003, 'resutls': 0.02689325752685812}
{'seed': '100-100', 'learning_rate': 0.003, 'resutls': 0.06438507609753406}
{'seed': '13-13', 'learning_rate': 3e-05, 'resutls': 0.02719591010185443}
{'seed': '21-21', 'learning_rate': 3e-05, 'resutls': -0.014506283767817275}
{'seed': '42-42', 'learning_rate': 3e-05, 'resutls': 0.015503265447197241}
{'seed': '87-87', 'learning_rate': 3e-05, 'resutls': 0.004860299153684483}
{'seed': '100-100', 'learning_rate': 3e-05, 'resutls': 0.03124076858819477}
{'seed': '13-13', 'learning_rate': 1e-05, 'resutls': -0.003075585125491812}
{'seed': '21-21', 'learning_rate': 1e-05, 'resutls': -0.019037565541124325}
{'seed': '42-42', 'learning_rate': 1e-05, 'resutls': -0.044282311862980185}
{'seed': '87-87', 'learning_rate': 1e-05, 'resutls': -0.029811879657757286}
{'seed': '100-100', 'learning_rate': 1e-05, 'resutls': 0.015250050854703214}
{'best_results': 0.12875337792408464}
