{'seed': '13-13', 'learning_rate': 0.001, 'resutls': -0.04017046538576979}
{'seed': '21-21', 'learning_rate': 0.001, 'resutls': 0.04213206366664149}
{'seed': '42-42', 'learning_rate': 0.001, 'resutls': 0.03761181881231492}
{'seed': '87-87', 'learning_rate': 0.001, 'resutls': 0.08662645235966238}
{'seed': '100-100', 'learning_rate': 0.001, 'resutls': 0.08365596584613585}
{'seed': '13-13', 'learning_rate': 0.0003, 'resutls': 0.013478520925728866}
{'seed': '21-21', 'learning_rate': 0.0003, 'resutls': 0.041391483016143815}
{'seed': '42-42', 'learning_rate': 0.0003, 'resutls': 0.003992939933304405}
{'seed': '87-87', 'learning_rate': 0.0003, 'resutls': 0.07269879903640734}
{'seed': '100-100', 'learning_rate': 0.0003, 'resutls': 0.0350522008290228}
{'seed': '13-13', 'learning_rate': 0.0001, 'resutls': 0.009135772469106344}
{'seed': '21-21', 'learning_rate': 0.0001, 'resutls': 0.01284891837826528}
{'seed': '42-42', 'learning_rate': 0.0001, 'resutls': 0.01128995600364935}
{'seed': '87-87', 'learning_rate': 0.0001, 'resutls': 0.02153410832696622}
{'seed': '100-100', 'learning_rate': 0.0001, 'resutls': 0.050421074811524996}
{'seed': '13-13', 'learning_rate': 0.01, 'resutls': 0.0}
{'seed': '21-21', 'learning_rate': 0.01, 'resutls': 0.0}
{'seed': '42-42', 'learning_rate': 0.01, 'resutls': 0.0}
{'seed': '87-87', 'learning_rate': 0.01, 'resutls': 0.0}
{'seed': '100-100', 'learning_rate': 0.01, 'resutls': 0.0}
{'seed': '13-13', 'learning_rate': 0.003, 'resutls': -0.02013428050343557}
{'seed': '21-21', 'learning_rate': 0.003, 'resutls': 0.02296626218821298}
{'seed': '42-42', 'learning_rate': 0.003, 'resutls': 0.12829974762194854}
{'seed': '87-87', 'learning_rate': 0.003, 'resutls': 0.02689325752685812}
{'seed': '100-100', 'learning_rate': 0.003, 'resutls': 0.06438507609753406}
{'seed': '13-13', 'learning_rate': 3e-05, 'resutls': 0.02719591010185443}
{'seed': '21-21', 'learning_rate': 3e-05, 'resutls': -0.014506283767817275}
{'seed': '42-42', 'learning_rate': 3e-05, 'resutls': 0.015503265447197241}
{'seed': '87-87', 'learning_rate': 3e-05, 'resutls': 0.004860299153684483}
{'seed': '100-100', 'learning_rate': 3e-05, 'resutls': 0.03124076858819477}
{'seed': '13-13', 'learning_rate': 1e-05, 'resutls': -0.003075585125491812}
{'seed': '21-21', 'learning_rate': 1e-05, 'resutls': -0.019037565541124325}
{'seed': '42-42', 'learning_rate': 1e-05, 'resutls': -0.044282311862980185}
{'seed': '87-87', 'learning_rate': 1e-05, 'resutls': -0.029811879657757286}
{'seed': '100-100', 'learning_rate': 1e-05, 'resutls': 0.015250050854703214}
{'best_results': 0.044482012586223627}
