{'tag': 'exp-N', 'task_name': 'qnli', 'training_params': ['prompt,bias']}
Warning: Overwirte results on learning rate = 0.001, seed = 42-42
Warning: Overwirte results on learning rate = 0.0003, seed = 42-42
Warning: Overwirte results on learning rate = 0.0001, seed = 42-42
Warning: Overwirte results on learning rate = 3e-05, seed = 42-42
Warning: Overwirte results on learning rate = 0.001, seed = 100-100
Warning: Overwirte results on learning rate = 0.0003, seed = 100-100
Warning: Overwirte results on learning rate = 0.0001, seed = 100-100
Warning: Overwirte results on learning rate = 3e-05, seed = 100-100
total experiments: 20

{'seed': '13-13', 'learning_rate': 0.001, 'dev_result': 0.625, 'test_result': 0.6154127768625297}
{'seed': '42-42', 'learning_rate': 0.001, 'dev_result': 0.53125, 'test_result': 0.509793153944719}
{'seed': '100-100', 'learning_rate': 0.001, 'dev_result': 0.84375, 'test_result': 0.6093721398498994}
Statistics for learning rate = 0.001: mean: 0.5781926902190494, std: 0.048428605498452834
{'seed': '13-13', 'learning_rate': 0.0003, 'dev_result': 0.75, 'test_result': 0.6644700713893466}
{'seed': '42-42', 'learning_rate': 0.0003, 'dev_result': 0.6875, 'test_result': 0.5714808713161267}
{'seed': '100-100', 'learning_rate': 0.0003, 'dev_result': 0.75, 'test_result': 0.5923485264506682}
Statistics for learning rate = 0.0003: mean: 0.6094331563853804, std: 0.03983851794071394
{'seed': '13-13', 'learning_rate': 0.0001, 'dev_result': 0.8125, 'test_result': 0.680578436756361}
{'seed': '42-42', 'learning_rate': 0.0001, 'dev_result': 0.65625, 'test_result': 0.5809994508511807}
{'seed': '100-100', 'learning_rate': 0.0001, 'dev_result': 0.6875, 'test_result': 0.5390810909756544}
Statistics for learning rate = 0.0001: mean: 0.600219659527732, std: 0.05934327837210573
{'seed': '13-13', 'learning_rate': 3e-05, 'dev_result': 0.78125, 'test_result': 0.6659344682408933}
{'seed': '42-42', 'learning_rate': 3e-05, 'dev_result': 0.625, 'test_result': 0.5718469705290133}
{'seed': '100-100', 'learning_rate': 3e-05, 'dev_result': 0.625, 'test_result': 0.5350539996339008}
Statistics for learning rate = 3e-05: mean: 0.5909451461346025, std: 0.05511188316683877
{'best_lr': 0.0003, 'mean': 0.6094331563853804, 'std': 0.03983851794071394}
