{'tag': 'exp-N', 'task_name': 'qnli', 'training_params': ['bias,adapter']}
Warning: Overwirte results on learning rate = 0.001, seed = 42-42
Warning: Overwirte results on learning rate = 0.0003, seed = 42-42
Warning: Overwirte results on learning rate = 0.0001, seed = 42-42
Warning: Overwirte results on learning rate = 3e-05, seed = 42-42
Warning: Overwirte results on learning rate = 0.001, seed = 100-100
Warning: Overwirte results on learning rate = 0.0003, seed = 100-100
Warning: Overwirte results on learning rate = 0.0001, seed = 100-100
Warning: Overwirte results on learning rate = 3e-05, seed = 100-100
total experiments: 20

{'seed': '13-13', 'learning_rate': 0.001, 'dev_result': 0.875, 'test_result': 0.728171334431631}
{'seed': '42-42', 'learning_rate': 0.001, 'dev_result': 0.5, 'test_result': 0.4946000366099213}
{'seed': '100-100', 'learning_rate': 0.001, 'dev_result': 0.75, 'test_result': 0.5063152114222954}
Statistics for learning rate = 0.001: mean: 0.5763621941546159, std: 0.10745176478760428
{'seed': '13-13', 'learning_rate': 0.0003, 'dev_result': 0.6875, 'test_result': 0.6333516382939777}
{'seed': '42-42', 'learning_rate': 0.0003, 'dev_result': 0.59375, 'test_result': 0.5427420831045213}
{'seed': '100-100', 'learning_rate': 0.0003, 'dev_result': 0.65625, 'test_result': 0.5584843492586491}
Statistics for learning rate = 0.0003: mean: 0.5781926902190494, std: 0.039529203554387715
{'seed': '13-13', 'learning_rate': 0.0001, 'dev_result': 0.65625, 'test_result': 0.6205381658429434}
{'seed': '42-42', 'learning_rate': 0.0001, 'dev_result': 0.71875, 'test_result': 0.5939959729086582}
{'seed': '100-100', 'learning_rate': 0.0001, 'dev_result': 0.65625, 'test_result': 0.5802672524254073}
Statistics for learning rate = 0.0001: mean: 0.5982671303923364, std: 0.01671563552602685
{'seed': '13-13', 'learning_rate': 3e-05, 'dev_result': 0.65625, 'test_result': 0.6262127036426872}
{'seed': '42-42', 'learning_rate': 3e-05, 'dev_result': 0.625, 'test_result': 0.5916163280248947}
{'seed': '100-100', 'learning_rate': 3e-05, 'dev_result': 0.6875, 'test_result': 0.5701995240710233}
Statistics for learning rate = 3e-05: mean: 0.596009518579535, std: 0.023077321679792106
{'best_lr': 0.0001, 'mean': 0.5982671303923364, 'std': 0.01671563552602685}
