{'tag': 'exp-fulldata-16-N', 'task_name': 'sts-b/pearson', 'training_params': ['prompt,bias,adapter']}
total experiments: 12

Use Validation result!
{'seed': 'B-13', 'learning_rate': 0.01, 'dev_result': 0.08088351614527624, 'test_result': 0.08088351614527624}
Use Validation result!
{'seed': 'B-21', 'learning_rate': 0.01, 'dev_result': 0.051409218847288704, 'test_result': 0.051409218847288704}
Use Validation result!
{'seed': 'B-42', 'learning_rate': 0.01, 'dev_result': 0.056451724807222985, 'test_result': 0.056451724807222985}
Statistics for learning rate = 0.01: mean: 0.06291481993326264, std: 0.012871473607910815
Use Validation result!
{'seed': 'B-13', 'learning_rate': 0.001, 'dev_result': 0.08150839720408479, 'test_result': 0.08150839720408479}
Use Validation result!
{'seed': 'B-21', 'learning_rate': 0.001, 'dev_result': 0.9176930005358247, 'test_result': 0.9176930005358247}
Use Validation result!
{'seed': 'B-42', 'learning_rate': 0.001, 'dev_result': 0.08583918783721303, 'test_result': 0.08583918783721303}
Statistics for learning rate = 0.001: mean: 0.3616801951923742, std: 0.3931644004877157
Use Validation result!
{'seed': 'B-13', 'learning_rate': 0.0001, 'dev_result': 0.9106565821396592, 'test_result': 0.9106565821396592}
Use Validation result!
{'seed': 'B-21', 'learning_rate': 0.0001, 'dev_result': 0.9090827824480413, 'test_result': 0.9090827824480413}
Use Validation result!
{'seed': 'B-42', 'learning_rate': 0.0001, 'dev_result': 0.9083694840708726, 'test_result': 0.9083694840708726}
Statistics for learning rate = 0.0001: mean: 0.9093696162195243, std: 0.0009554787991400656
Use Validation result!
{'seed': 'B-13', 'learning_rate': 1e-05, 'dev_result': 0.8494684230793051, 'test_result': 0.8494684230793051}
Use Validation result!
{'seed': 'B-21', 'learning_rate': 1e-05, 'dev_result': 0.8493042944347378, 'test_result': 0.8493042944347378}
Use Validation result!
{'seed': 'B-42', 'learning_rate': 1e-05, 'dev_result': 0.866574335221734, 'test_result': 0.866574335221734}
Statistics for learning rate = 1e-05: mean: 0.8551156842452589, std: 0.008102766860914278
{'best_lr': 0.0001, 'mean': 0.9093696162195243, 'std': 0.0009554787991400656}
