{'tag': 'exp-N', 'task_name': 'sst-2', 'training_params': ['prompt,bias,adapter']}
total experiments: 12

{'seed': '13-13', 'learning_rate': 0.001, 'dev_result': 0.5, 'test_result': 0.5091743119266054}
{'seed': '42-42', 'learning_rate': 0.001, 'dev_result': 0.53125, 'test_result': 0.6490825688073395}
{'seed': '100-100', 'learning_rate': 0.001, 'dev_result': 0.5, 'test_result': 0.5091743119266054}
Statistics for learning rate = 0.001: mean: 0.5558103975535168, std: 0.065953384789571
{'seed': '13-13', 'learning_rate': 0.0003, 'dev_result': 0.9375, 'test_result': 0.908256880733945}
{'seed': '42-42', 'learning_rate': 0.0003, 'dev_result': 0.90625, 'test_result': 0.9025229357798165}
{'seed': '100-100', 'learning_rate': 0.0003, 'dev_result': 1.0, 'test_result': 0.9174311926605505}
Statistics for learning rate = 0.0003: mean: 0.9094036697247706, std: 0.006140052906807769
{'seed': '13-13', 'learning_rate': 0.0001, 'dev_result': 0.9375, 'test_result': 0.8956422018348624}
{'seed': '42-42', 'learning_rate': 0.0001, 'dev_result': 0.96875, 'test_result': 0.9185779816513762}
{'seed': '100-100', 'learning_rate': 0.0001, 'dev_result': 1.0, 'test_result': 0.9139908256880734}
Statistics for learning rate = 0.0001: mean: 0.9094036697247706, std: 0.009909389447106811
{'seed': '13-13', 'learning_rate': 3e-05, 'dev_result': 0.9375, 'test_result': 0.9162844036697247}
{'seed': '42-42', 'learning_rate': 3e-05, 'dev_result': 0.96875, 'test_result': 0.9071100917431193}
{'seed': '100-100', 'learning_rate': 3e-05, 'dev_result': 1.0, 'test_result': 0.9231651376146789}
Statistics for learning rate = 3e-05: mean: 0.915519877675841, std: 0.006576701274497402
Warning! Best Learning rate equals minmum Learning rate.
{'best_lr': 3e-05, 'mean': 0.915519877675841, 'std': 0.006576701274497402}
