{'tag': 'exp-N', 'task_name': 'sst-2', 'training_params': ['bias,adapter']}
total experiments: 12

{'seed': '13-13', 'learning_rate': 0.001, 'dev_result': 0.9375, 'test_result': 0.875}
{'seed': '42-42', 'learning_rate': 0.001, 'dev_result': 0.5, 'test_result': 0.5091743119266054}
{'seed': '100-100', 'learning_rate': 0.001, 'dev_result': 0.5, 'test_result': 0.5091743119266054}
Statistics for learning rate = 0.001: mean: 0.6311162079510703, std: 0.172451883179288
{'seed': '13-13', 'learning_rate': 0.0003, 'dev_result': 0.9375, 'test_result': 0.9025229357798165}
{'seed': '42-42', 'learning_rate': 0.0003, 'dev_result': 0.9375, 'test_result': 0.9208715596330275}
{'seed': '100-100', 'learning_rate': 0.0003, 'dev_result': 1.0, 'test_result': 0.9220183486238532}
Statistics for learning rate = 0.0003: mean: 0.9151376146788991, std: 0.008932202940021366
{'seed': '13-13', 'learning_rate': 0.0001, 'dev_result': 0.9375, 'test_result': 0.9208715596330275}
{'seed': '42-42', 'learning_rate': 0.0001, 'dev_result': 0.96875, 'test_result': 0.9243119266055045}
{'seed': '100-100', 'learning_rate': 0.0001, 'dev_result': 1.0, 'test_result': 0.9048165137614679}
Statistics for learning rate = 0.0001: mean: 0.9166666666666666, std: 0.008496219713644046
{'seed': '13-13', 'learning_rate': 3e-05, 'dev_result': 0.96875, 'test_result': 0.9357798165137615}
{'seed': '42-42', 'learning_rate': 3e-05, 'dev_result': 0.9375, 'test_result': 0.9346330275229358}
{'seed': '100-100', 'learning_rate': 3e-05, 'dev_result': 1.0, 'test_result': 0.9220183486238532}
Statistics for learning rate = 3e-05: mean: 0.9308103975535169, std: 0.006234520806689635
Warning! Best Learning rate equals minmum Learning rate.
{'best_lr': 3e-05, 'mean': 0.9308103975535169, 'std': 0.006234520806689635}
