{'tag': 'exp-Y', 'task_name': 'sst-2', 'training_params': ['bias']}
total experiments: 12

{'seed': '13-13', 'learning_rate': 0.003, 'dev_result': 0.84375, 'test_result': 0.7947247706422018}
{'seed': '42-42', 'learning_rate': 0.003, 'dev_result': 0.96875, 'test_result': 0.8623853211009175}
{'seed': '100-100', 'learning_rate': 0.003, 'dev_result': 0.5, 'test_result': 0.5091743119266054}
Statistics for learning rate = 0.003: mean: 0.7220948012232414, std: 0.15307043823859504
{'seed': '13-13', 'learning_rate': 0.001, 'dev_result': 0.875, 'test_result': 0.9243119266055045}
{'seed': '42-42', 'learning_rate': 0.001, 'dev_result': 0.96875, 'test_result': 0.9311926605504587}
{'seed': '100-100', 'learning_rate': 0.001, 'dev_result': 1.0, 'test_result': 0.9185779816513762}
Statistics for learning rate = 0.001: mean: 0.9246941896024464, std: 0.005157009771877673
{'seed': '13-13', 'learning_rate': 0.0003, 'dev_result': 0.9375, 'test_result': 0.9220183486238532}
{'seed': '42-42', 'learning_rate': 0.0003, 'dev_result': 0.96875, 'test_result': 0.9231651376146789}
{'seed': '100-100', 'learning_rate': 0.0003, 'dev_result': 1.0, 'test_result': 0.9231651376146789}
Statistics for learning rate = 0.0003: mean: 0.922782874617737, std: 0.000540601514668598
{'seed': '13-13', 'learning_rate': 0.0001, 'dev_result': 0.9375, 'test_result': 0.9277522935779816}
{'seed': '42-42', 'learning_rate': 0.0001, 'dev_result': 0.9375, 'test_result': 0.9288990825688074}
{'seed': '100-100', 'learning_rate': 0.0001, 'dev_result': 1.0, 'test_result': 0.930045871559633}
Statistics for learning rate = 0.0001: mean: 0.9288990825688074, std: 0.0009363492900547487
Warning! Best Learning rate equals minmum Learning rate.
{'best_lr': 0.0001, 'mean': 0.9288990825688074, 'std': 0.0009363492900547487}
