{'tag': 'exp-Y', 'task_name': 'sst-2', 'training_params': ['prompt,adapter']}
total experiments: 12

{'seed': '13-13', 'learning_rate': 0.001, 'dev_result': 0.5, 'test_result': 0.5091743119266054}
{'seed': '42-42', 'learning_rate': 0.001, 'dev_result': 0.875, 'test_result': 0.8967889908256881}
{'seed': '100-100', 'learning_rate': 0.001, 'dev_result': 0.90625, 'test_result': 0.8612385321100917}
Statistics for learning rate = 0.001: mean: 0.7557339449541285, std: 0.174947036285695
{'seed': '13-13', 'learning_rate': 0.0003, 'dev_result': 0.9375, 'test_result': 0.9174311926605505}
{'seed': '42-42', 'learning_rate': 0.0003, 'dev_result': 1.0, 'test_result': 0.930045871559633}
{'seed': '100-100', 'learning_rate': 0.0003, 'dev_result': 1.0, 'test_result': 0.8990825688073395}
Statistics for learning rate = 0.0003: mean: 0.915519877675841, std: 0.012712759287703263
{'seed': '13-13', 'learning_rate': 0.0001, 'dev_result': 0.9375, 'test_result': 0.9174311926605505}
{'seed': '42-42', 'learning_rate': 0.0001, 'dev_result': 0.96875, 'test_result': 0.9197247706422018}
{'seed': '100-100', 'learning_rate': 0.0001, 'dev_result': 1.0, 'test_result': 0.9174311926605505}
Statistics for learning rate = 0.0001: mean: 0.9181957186544342, std: 0.001081203029337196
{'seed': '13-13', 'learning_rate': 3e-05, 'dev_result': 0.9375, 'test_result': 0.9197247706422018}
{'seed': '42-42', 'learning_rate': 3e-05, 'dev_result': 0.96875, 'test_result': 0.9243119266055045}
{'seed': '100-100', 'learning_rate': 3e-05, 'dev_result': 1.0, 'test_result': 0.9139908256880734}
Statistics for learning rate = 3e-05: mean: 0.9193425076452599, std: 0.004222232804735154
Warning! Best Learning rate equals minmum Learning rate.
{'best_lr': 3e-05, 'mean': 0.9193425076452599, 'std': 0.004222232804735154}
