{'tag': 'exp-Y', 'task_name': 'sst-2', 'training_params': ['prompt']}
total experiments: 12

{'seed': '13-13', 'learning_rate': 0.01, 'dev_result': 0.9375, 'test_result': 0.9139908256880734}
{'seed': '42-42', 'learning_rate': 0.01, 'dev_result': 0.96875, 'test_result': 0.911697247706422}
{'seed': '100-100', 'learning_rate': 0.01, 'dev_result': 0.96875, 'test_result': 0.9002293577981652}
Statistics for learning rate = 0.01: mean: 0.9086391437308868, std: 0.00601988369572769
{'seed': '13-13', 'learning_rate': 0.003, 'dev_result': 0.96875, 'test_result': 0.8348623853211009}
{'seed': '42-42', 'learning_rate': 0.003, 'dev_result': 0.96875, 'test_result': 0.9036697247706422}
{'seed': '100-100', 'learning_rate': 0.003, 'dev_result': 1.0, 'test_result': 0.9174311926605505}
Statistics for learning rate = 0.003: mean: 0.8853211009174311, std: 0.03611930217436613
{'seed': '13-13', 'learning_rate': 0.001, 'dev_result': 0.90625, 'test_result': 0.8864678899082569}
{'seed': '42-42', 'learning_rate': 0.001, 'dev_result': 0.9375, 'test_result': 0.8967889908256881}
{'seed': '100-100', 'learning_rate': 0.001, 'dev_result': 1.0, 'test_result': 0.9243119266055045}
Statistics for learning rate = 0.001: mean: 0.9025229357798166, std: 0.015972922336220302
{'seed': '13-13', 'learning_rate': 0.0003, 'dev_result': 0.90625, 'test_result': 0.8211009174311926}
{'seed': '42-42', 'learning_rate': 0.0003, 'dev_result': 0.96875, 'test_result': 0.8715596330275229}
{'seed': '100-100', 'learning_rate': 0.0003, 'dev_result': 1.0, 'test_result': 0.9025229357798165}
Statistics for learning rate = 0.0003: mean: 0.8650611620795107, std: 0.03355650817638339
Warning! Best Learning rate equals maximum Learning rate.
{'best_lr': 0.01, 'mean': 0.9086391437308868, 'std': 0.00601988369572769}
