{'tag': 'exp-N', 'task_name': 'sst-2', 'training_params': ['bias']}
total experiments: 12

{'seed': '13-13', 'learning_rate': 0.003, 'dev_result': 0.875, 'test_result': 0.8211009174311926}
{'seed': '42-42', 'learning_rate': 0.003, 'dev_result': 0.84375, 'test_result': 0.8302752293577982}
{'seed': '100-100', 'learning_rate': 0.003, 'dev_result': 0.5, 'test_result': 0.5091743119266054}
Statistics for learning rate = 0.003: mean: 0.720183486238532, std: 0.14925301947293496
{'seed': '13-13', 'learning_rate': 0.001, 'dev_result': 0.875, 'test_result': 0.9013761467889908}
{'seed': '42-42', 'learning_rate': 0.001, 'dev_result': 0.96875, 'test_result': 0.9071100917431193}
{'seed': '100-100', 'learning_rate': 0.001, 'dev_result': 1.0, 'test_result': 0.9139908256880734}
Statistics for learning rate = 0.001: mean: 0.9074923547400612, std: 0.005157009771877717
{'seed': '13-13', 'learning_rate': 0.0003, 'dev_result': 0.96875, 'test_result': 0.9334862385321101}
{'seed': '42-42', 'learning_rate': 0.0003, 'dev_result': 0.96875, 'test_result': 0.9231651376146789}
{'seed': '100-100', 'learning_rate': 0.0003, 'dev_result': 1.0, 'test_result': 0.9185779816513762}
Statistics for learning rate = 0.0003: mean: 0.9250764525993884, std: 0.0062345208066896364
{'seed': '13-13', 'learning_rate': 0.0001, 'dev_result': 0.90625, 'test_result': 0.9346330275229358}
{'seed': '42-42', 'learning_rate': 0.0001, 'dev_result': 0.96875, 'test_result': 0.9231651376146789}
{'seed': '100-100', 'learning_rate': 0.0001, 'dev_result': 1.0, 'test_result': 0.9220183486238532}
Statistics for learning rate = 0.0001: mean: 0.926605504587156, std: 0.005695590376816245
Warning! Best Learning rate equals minmum Learning rate.
{'best_lr': 0.0001, 'mean': 0.926605504587156, 'std': 0.005695590376816245}
