{'tag': 'exp-Y', 'task_name': 'mnli-mm', 'training_params': ['prompt,bias']}
total experiments: 12

{'seed': '13-13', 'learning_rate': 0.001, 'dev_result': 0.75, 'test_result': 0.75}
{'seed': '42-42', 'learning_rate': 0.001, 'dev_result': 0.6041666666666666, 'test_result': 0.6041666666666666}
{'seed': '100-100', 'learning_rate': 0.001, 'dev_result': 0.7291666666666666, 'test_result': 0.7291666666666666}
Statistics for learning rate = 0.001: mean: 0.6895511255763492, std: 0.017500269537095867
{'seed': '13-13', 'learning_rate': 0.0003, 'dev_result': 0.7708333333333334, 'test_result': 0.7708333333333334}
{'seed': '42-42', 'learning_rate': 0.0003, 'dev_result': 0.75, 'test_result': 0.75}
{'seed': '100-100', 'learning_rate': 0.0003, 'dev_result': 0.7291666666666666, 'test_result': 0.7291666666666666}
Statistics for learning rate = 0.0003: mean: 0.677142663411988, std: 0.017191746799805067
{'seed': '13-13', 'learning_rate': 0.0001, 'dev_result': 0.7708333333333334, 'test_result': 0.7708333333333334}
{'seed': '42-42', 'learning_rate': 0.0001, 'dev_result': 0.6458333333333334, 'test_result': 0.6458333333333334}
{'seed': '100-100', 'learning_rate': 0.0001, 'dev_result': 0.7083333333333334, 'test_result': 0.7083333333333334}
Statistics for learning rate = 0.0001: mean: 0.6646324925413615, std: 0.028301877871898255
{'seed': '13-13', 'learning_rate': 3e-05, 'dev_result': 0.7708333333333334, 'test_result': 0.7708333333333334}
{'seed': '42-42', 'learning_rate': 3e-05, 'dev_result': 0.625, 'test_result': 0.625}
{'seed': '100-100', 'learning_rate': 3e-05, 'dev_result': 0.7083333333333334, 'test_result': 0.7083333333333334}
Statistics for learning rate = 3e-05: mean: 0.6503254678600489, std: 0.01599211067857656
Warning! Best Learning rate equals maximum Learning rate.
{'best_lr': 0.001, 'mean': 0.6895511255763492, 'std': 0.017500269537095867}
