{'tag': 'exp-Y', 'task_name': 'mnli-mm', 'training_params': ['prompt']}
total experiments: 12

{'seed': '13-13', 'learning_rate': 0.01, 'dev_result': 0.6041666666666666, 'test_result': 0.6041666666666666}
{'seed': '42-42', 'learning_rate': 0.01, 'dev_result': 0.6458333333333334, 'test_result': 0.6458333333333334}
{'seed': '100-100', 'learning_rate': 0.01, 'dev_result': 0.4375, 'test_result': 0.4375}
Statistics for learning rate = 0.01: mean: 0.4947789530783835, std: 0.028063289754885222
{'seed': '13-13', 'learning_rate': 0.003, 'dev_result': 0.625, 'test_result': 0.625}
{'seed': '42-42', 'learning_rate': 0.003, 'dev_result': 0.5625, 'test_result': 0.5625}
{'seed': '100-100', 'learning_rate': 0.003, 'dev_result': 0.625, 'test_result': 0.625}
Statistics for learning rate = 0.003: mean: 0.5182058584214809, std: 0.03386793015903296
{'seed': '13-13', 'learning_rate': 0.001, 'dev_result': 0.6458333333333334, 'test_result': 0.6458333333333334}
{'seed': '42-42', 'learning_rate': 0.001, 'dev_result': 0.625, 'test_result': 0.625}
{'seed': '100-100', 'learning_rate': 0.001, 'dev_result': 0.5625, 'test_result': 0.5625}
Statistics for learning rate = 0.001: mean: 0.5294955248169243, std: 0.030607505456590238
{'seed': '13-13', 'learning_rate': 0.0003, 'dev_result': 0.6666666666666666, 'test_result': 0.6666666666666666}
{'seed': '42-42', 'learning_rate': 0.0003, 'dev_result': 0.5416666666666666, 'test_result': 0.5416666666666666}
{'seed': '100-100', 'learning_rate': 0.0003, 'dev_result': 0.5208333333333334, 'test_result': 0.5208333333333334}
Statistics for learning rate = 0.0003: mean: 0.5354285326823977, std: 0.01948021929893561
Warning! Best Learning rate equals minmum Learning rate.
{'best_lr': 0.0003, 'mean': 0.5354285326823977, 'std': 0.01948021929893561}
